<?xml version="1.0" encoding="UTF-8"?>
<coverage generated="1782982454701" clover="3.2.0">
  <project timestamp="1782982454701" name="All files">
    <metrics statements="251" coveredstatements="230" conditionals="211" coveredconditionals="159" methods="50" coveredmethods="42" elements="512" coveredelements="431" complexity="0" loc="251" ncloc="251" packages="1" files="6" classes="6"/>
    <file name="auth.ts" path="/home/newlevel/devel/montalu/automatizacie-montalu/src/lib/server/auth.ts">
      <metrics statements="16" coveredstatements="15" conditionals="10" coveredconditionals="9" methods="4" coveredmethods="3"/>
      <line num="6" count="1" type="stmt"/>
      <line num="7" count="1" type="stmt"/>
      <line num="15" count="4" type="stmt"/>
      <line num="18" count="4" type="cond" truecount="4" falsecount="0"/>
      <line num="19" count="2" type="stmt"/>
      <line num="20" count="2" type="stmt"/>
      <line num="25" count="2" type="stmt"/>
      <line num="29" count="2" type="stmt"/>
      <line num="33" count="3" type="cond" truecount="1" falsecount="1"/>
      <line num="34" count="3" type="stmt"/>
      <line num="40" count="3" type="cond" truecount="2" falsecount="0"/>
      <line num="41" count="2" type="cond" truecount="2" falsecount="0"/>
      <line num="42" count="1" type="stmt"/>
      <line num="43" count="1" type="stmt"/>
      <line num="45" count="1" type="stmt"/>
      <line num="50" count="0" type="stmt"/>
    </file>
    <file name="cfg-editor.ts" path="/home/newlevel/devel/montalu/automatizacie-montalu/src/lib/server/cfg-editor.ts">
      <metrics statements="50" coveredstatements="48" conditionals="47" coveredconditionals="40" methods="6" coveredmethods="6"/>
      <line num="22" count="15" type="stmt"/>
      <line num="25" count="15" type="cond" truecount="2" falsecount="0"/>
      <line num="26" count="14" type="stmt"/>
      <line num="32" count="14" type="stmt"/>
      <line num="44" count="8" type="stmt"/>
      <line num="45" count="8" type="cond" truecount="2" falsecount="0"/>
      <line num="48" count="7" type="stmt"/>
      <line num="49" count="9" type="cond" truecount="5" falsecount="0"/>
      <line num="50" count="1" type="stmt"/>
      <line num="51" count="26" type="cond" truecount="2" falsecount="0"/>
      <line num="52" count="8" type="stmt"/>
      <line num="54" count="5" type="cond" truecount="1" falsecount="1"/>
      <line num="59" count="0" type="stmt"/>
      <line num="64" count="5" type="stmt"/>
      <line num="65" count="5" type="stmt"/>
      <line num="66" count="29" type="stmt"/>
      <line num="67" count="29" type="cond" truecount="4" falsecount="0"/>
      <line num="68" count="2" type="cond" truecount="1" falsecount="1"/>
      <line num="70" count="5" type="cond" truecount="2" falsecount="0"/>
      <line num="71" count="5" type="stmt"/>
      <line num="73" count="5" type="stmt"/>
      <line num="74" count="5" type="cond" truecount="2" falsecount="0"/>
      <line num="75" count="2" type="stmt"/>
      <line num="79" count="2" type="stmt"/>
      <line num="80" count="8" type="stmt"/>
      <line num="81" count="8" type="cond" truecount="6" falsecount="0"/>
      <line num="82" count="2" type="cond" truecount="2" falsecount="0"/>
      <line num="83" count="2" type="cond" truecount="2" falsecount="0"/>
      <line num="88" count="5" type="cond" truecount="2" falsecount="0"/>
      <line num="90" count="4" type="stmt"/>
      <line num="91" count="4" type="stmt"/>
      <line num="94" count="4" type="stmt"/>
      <line num="95" count="4" type="stmt"/>
      <line num="96" count="4" type="stmt"/>
      <line num="100" count="4" type="stmt"/>
      <line num="101" count="4" type="stmt"/>
      <line num="102" count="4" type="stmt"/>
      <line num="103" count="2" type="stmt"/>
      <line num="106" count="6" type="stmt"/>
      <line num="107" count="2" type="cond" truecount="1" falsecount="1"/>
      <line num="109" count="4" type="stmt"/>
      <line num="110" count="4" type="stmt"/>
      <line num="111" count="4" type="stmt"/>
      <line num="114" count="4" type="stmt"/>
      <line num="115" count="4" type="cond" truecount="1" falsecount="1"/>
      <line num="116" count="4" type="stmt"/>
      <line num="117" count="4" type="cond" truecount="1" falsecount="1"/>
      <line num="120" count="0" type="cond" truecount="0" falsecount="2"/>
      <line num="123" count="4" type="stmt"/>
      <line num="127" count="3" type="stmt"/>
    </file>
    <file name="cfg_seed.json" path="/home/newlevel/devel/montalu/automatizacie-montalu/src/lib/server/cfg_seed.json">
      <metrics statements="2" coveredstatements="2" conditionals="0" coveredconditionals="0" methods="0" coveredmethods="0"/>
      <line num="1" count="3" type="stmt"/>
      <line num="2" count="3" type="stmt"/>
    </file>
    <file name="compute.ts" path="/home/newlevel/devel/montalu/automatizacie-montalu/src/lib/server/compute.ts">
      <metrics statements="83" coveredstatements="77" conditionals="109" coveredconditionals="89" methods="11" coveredmethods="11"/>
      <line num="61" count="3" type="stmt"/>
      <line num="63" count="139" type="stmt"/>
      <line num="66" count="20" type="stmt"/>
      <line num="67" count="20" type="stmt"/>
      <line num="68" count="120" type="cond" truecount="3" falsecount="1"/>
      <line num="69" count="120" type="stmt"/>
      <line num="71" count="20" type="stmt"/>
      <line num="72" count="959" type="cond" truecount="3" falsecount="1"/>
      <line num="73" count="959" type="stmt"/>
      <line num="74" count="959" type="cond" truecount="1" falsecount="1"/>
      <line num="75" count="959" type="cond" truecount="4" falsecount="0"/>
      <line num="76" count="720" type="stmt"/>
      <line num="78" count="600" type="stmt"/>
      <line num="79" count="20" type="stmt"/>
      <line num="83" count="286" type="cond" truecount="2" falsecount="0"/>
      <line num="84" count="286" type="cond" truecount="2" falsecount="0"/>
      <line num="85" count="286" type="cond" truecount="2" falsecount="0"/>
      <line num="86" count="286" type="stmt"/>
      <line num="101" count="23" type="stmt"/>
      <line num="102" count="23" type="cond" truecount="4" falsecount="0"/>
      <line num="103" count="22" type="stmt"/>
      <line num="104" count="22" type="stmt"/>
      <line num="105" count="22" type="stmt"/>
      <line num="106" count="22" type="stmt"/>
      <line num="107" count="121" type="cond" truecount="2" falsecount="0"/>
      <line num="108" count="73" type="stmt"/>
      <line num="109" count="73" type="stmt"/>
      <line num="111" count="121" type="stmt"/>
      <line num="113" count="22" type="stmt"/>
      <line num="114" count="22" type="stmt"/>
      <line num="115" count="22" type="stmt"/>
      <line num="116" count="73" type="stmt"/>
      <line num="117" count="73" type="stmt"/>
      <line num="118" count="73" type="stmt"/>
      <line num="119" count="73" type="stmt"/>
      <line num="120" count="121" type="cond" truecount="4" falsecount="0"/>
      <line num="121" count="121" type="stmt"/>
      <line num="122" count="121" type="stmt"/>
      <line num="123" count="121" type="cond" truecount="4" falsecount="0"/>
      <line num="124" count="121" type="stmt"/>
      <line num="126" count="73" type="stmt"/>
      <line num="127" count="73" type="stmt"/>
      <line num="128" count="73" type="stmt"/>
      <line num="130" count="22" type="stmt"/>
      <line num="131" count="22" type="stmt"/>
      <line num="132" count="22" type="cond" truecount="3" falsecount="1"/>
      <line num="133" count="22" type="stmt"/>
      <line num="150" count="3" type="stmt"/>
      <line num="151" count="536" type="cond" truecount="4" falsecount="0"/>
      <line num="155" count="23" type="stmt"/>
      <line num="156" count="23" type="cond" truecount="6" falsecount="0"/>
      <line num="157" count="116" type="cond" truecount="2" falsecount="0"/>
      <line num="158" count="22" type="cond" truecount="1" falsecount="1"/>
      <line num="159" count="22" type="cond" truecount="4" falsecount="0"/>
      <line num="160" count="21" type="stmt"/>
      <line num="161" count="105" type="cond" truecount="2" falsecount="0"/>
      <line num="163" count="19" type="cond" truecount="1" falsecount="1"/>
      <line num="169" count="0" type="stmt"/>
      <line num="170" count="19" type="stmt"/>
      <line num="178" count="3" type="stmt"/>
      <line num="188" count="18" type="stmt"/>
      <line num="189" count="18" type="cond" truecount="1" falsecount="1"/>
      <line num="190" count="18" type="cond" truecount="3" falsecount="1"/>
      <line num="191" count="18" type="cond" truecount="3" falsecount="1"/>
      <line num="192" count="0" type="stmt"/>
      <line num="193" count="18" type="stmt"/>
      <line num="194" count="18" type="stmt"/>
      <line num="195" count="124" type="cond" truecount="4" falsecount="0"/>
      <line num="196" count="2" type="cond" truecount="1" falsecount="1"/>
      <line num="197" count="122" type="cond" truecount="3" falsecount="1"/>
      <line num="198" count="0" type="cond" truecount="0" falsecount="2"/>
      <line num="199" count="122" type="cond" truecount="3" falsecount="1"/>
      <line num="200" count="0" type="cond" truecount="0" falsecount="2"/>
      <line num="201" count="122" type="cond" truecount="3" falsecount="1"/>
      <line num="202" count="0" type="cond" truecount="0" falsecount="2"/>
      <line num="204" count="16" type="stmt"/>
      <line num="219" count="14" type="cond" truecount="2" falsecount="0"/>
      <line num="220" count="13" type="stmt"/>
      <line num="221" count="13" type="cond" truecount="2" falsecount="0"/>
      <line num="222" count="12" type="stmt"/>
      <line num="223" count="37" type="cond" truecount="6" falsecount="1"/>
      <line num="224" count="0" type="stmt"/>
      <line num="225" count="12" type="stmt"/>
    </file>
    <file name="db.ts" path="/home/newlevel/devel/montalu/automatizacie-montalu/src/lib/server/db.ts">
      <metrics statements="52" coveredstatements="50" conditionals="18" coveredconditionals="12" methods="14" coveredmethods="12"/>
      <line num="12" count="2" type="cond" truecount="1" falsecount="1"/>
      <line num="14" count="2" type="stmt"/>
      <line num="15" count="2" type="stmt"/>
      <line num="16" count="2" type="stmt"/>
      <line num="17" count="2" type="stmt"/>
      <line num="20" count="2" type="stmt"/>
      <line num="21" count="2" type="stmt"/>
      <line num="22" count="2" type="stmt"/>
      <line num="26" count="6" type="stmt"/>
      <line num="27" count="6" type="cond" truecount="4" falsecount="0"/>
      <line num="28" count="5" type="stmt"/>
      <line num="29" count="5" type="stmt"/>
      <line num="33" count="2" type="stmt"/>
      <line num="35" count="2" type="cond" truecount="1" falsecount="1"/>
      <line num="36" count="2" type="stmt"/>
      <line num="111" count="2" type="stmt"/>
      <line num="114" count="2" type="stmt"/>
      <line num="115" count="2" type="stmt"/>
      <line num="119" count="2" type="stmt"/>
      <line num="120" count="2" type="cond" truecount="1" falsecount="1"/>
      <line num="121" count="2" type="stmt"/>
      <line num="122" count="2" type="stmt"/>
      <line num="126" count="2" type="stmt"/>
      <line num="127" count="12" type="stmt"/>
      <line num="128" count="2" type="stmt"/>
      <line num="129" count="96" type="stmt"/>
      <line num="145" count="2" type="stmt"/>
      <line num="146" count="2" type="cond" truecount="1" falsecount="1"/>
      <line num="150" count="2" type="stmt"/>
      <line num="153" count="2" type="stmt"/>
      <line num="154" count="2" type="stmt"/>
      <line num="155" count="2" type="stmt"/>
      <line num="156" count="2" type="stmt"/>
      <line num="157" count="2" type="stmt"/>
      <line num="163" count="2" type="stmt"/>
      <line num="164" count="2" type="cond" truecount="1" falsecount="1"/>
      <line num="165" count="2" type="cond" truecount="2" falsecount="0"/>
      <line num="166" count="2" type="stmt"/>
      <line num="167" count="2" type="stmt"/>
      <line num="168" count="1" type="stmt"/>
      <line num="169" count="1" type="cond" truecount="1" falsecount="1"/>
      <line num="170" count="1" type="stmt"/>
      <line num="175" count="2" type="stmt"/>
      <line num="180" count="15" type="stmt"/>
      <line num="184" count="90" type="stmt"/>
      <line num="185" count="15" type="stmt"/>
      <line num="189" count="720" type="stmt"/>
      <line num="203" count="15" type="stmt"/>
      <line num="207" count="0" type="stmt"/>
      <line num="209" count="0" type="stmt"/>
      <line num="217" count="3" type="stmt"/>
      <line num="219" count="12" type="stmt"/>
    </file>
    <file name="money.ts" path="/home/newlevel/devel/montalu/automatizacie-montalu/src/lib/server/money.ts">
      <metrics statements="48" coveredstatements="38" conditionals="27" coveredconditionals="9" methods="15" coveredmethods="10"/>
      <line num="18" count="23" type="stmt"/>
      <line num="19" count="1" type="cond" truecount="0" falsecount="2"/>
      <line num="20" count="1" type="cond" truecount="0" falsecount="2"/>
      <line num="21" count="1" type="stmt"/>
      <line num="22" count="8" type="cond" truecount="1" falsecount="1"/>
      <line num="44" count="40" type="stmt"/>
      <line num="47" count="8" type="cond" truecount="1" falsecount="1"/>
      <line num="48" count="0" type="cond" truecount="0" falsecount="4"/>
      <line num="49" count="0" type="stmt"/>
      <line num="53" count="8" type="stmt"/>
      <line num="58" count="8" type="stmt"/>
      <line num="62" count="48" type="stmt"/>
      <line num="63" count="16" type="stmt"/>
      <line num="64" count="766" type="stmt"/>
      <line num="65" count="16" type="stmt"/>
      <line num="69" count="5" type="stmt"/>
      <line num="70" count="5" type="stmt"/>
      <line num="71" count="5" type="stmt"/>
      <line num="72" count="5" type="stmt"/>
      <line num="73" count="5" type="stmt"/>
      <line num="74" count="15" type="cond" truecount="2" falsecount="0"/>
      <line num="76" count="5" type="stmt"/>
      <line num="85" count="8" type="cond" truecount="1" falsecount="1"/>
      <line num="86" count="8" type="stmt"/>
      <line num="87" count="8" type="stmt"/>
      <line num="88" count="8" type="stmt"/>
      <line num="91" count="8" type="stmt"/>
      <line num="92" count="8" type="stmt"/>
      <line num="115" count="3" type="cond" truecount="3" falsecount="1"/>
      <line num="116" count="3" type="stmt"/>
      <line num="119" count="3" type="stmt"/>
      <line num="127" count="0" type="stmt"/>
      <line num="130" count="5" type="stmt"/>
      <line num="131" count="5" type="stmt"/>
      <line num="132" count="5" type="stmt"/>
      <line num="136" count="5" type="stmt"/>
      <line num="137" count="5" type="stmt"/>
      <line num="138" count="5" type="stmt"/>
      <line num="141" count="1" type="stmt"/>
      <line num="142" count="1" type="stmt"/>
      <line num="145" count="4" type="stmt"/>
      <line num="149" count="0" type="stmt"/>
      <line num="161" count="0" type="stmt"/>
      <line num="164" count="0" type="cond" truecount="0" falsecount="2"/>
      <line num="165" count="0" type="stmt"/>
      <line num="166" count="0" type="stmt"/>
      <line num="167" count="0" type="stmt"/>
      <line num="179" count="0" type="stmt"/>
    </file>
  </project>
</coverage>
