{"/home/newlevel/devel/montalu/automatizacie-montalu/src/lib/server/auth.ts": {"path":"/home/newlevel/devel/montalu/automatizacie-montalu/src/lib/server/auth.ts","statementMap":{"0":{"start":{"line":6,"column":23},"end":{"line":6,"column":null}},"1":{"start":{"line":7,"column":30},"end":{"line":7,"column":null}},"2":{"start":{"line":15,"column":14},"end":{"line":17,"column":null}},"3":{"start":{"line":18,"column":1},"end":{"line":18,"column":null}},"4":{"start":{"line":18,"column":57},"end":{"line":18,"column":null}},"5":{"start":{"line":19,"column":7},"end":{"line":19,"column":null}},"6":{"start":{"line":20,"column":1},"end":{"line":24,"column":null}},"7":{"start":{"line":25,"column":1},"end":{"line":25,"column":null}},"8":{"start":{"line":29,"column":1},"end":{"line":29,"column":null}},"9":{"start":{"line":33,"column":1},"end":{"line":33,"column":null}},"10":{"start":{"line":33,"column":13},"end":{"line":33,"column":null}},"11":{"start":{"line":34,"column":13},"end":{"line":39,"column":null}},"12":{"start":{"line":40,"column":1},"end":{"line":40,"column":null}},"13":{"start":{"line":40,"column":11},"end":{"line":40,"column":null}},"14":{"start":{"line":41,"column":1},"end":{"line":44,"column":null}},"15":{"start":{"line":42,"column":2},"end":{"line":42,"column":null}},"16":{"start":{"line":43,"column":2},"end":{"line":43,"column":null}},"17":{"start":{"line":45,"column":1},"end":{"line":45,"column":null}},"18":{"start":{"line":50,"column":1},"end":{"line":50,"column":null}}},"fnMap":{"0":{"name":"login","decl":{"start":{"line":14,"column":16},"end":{"line":14,"column":22}},"loc":{"start":{"line":14,"column":73},"end":{"line":26,"column":null}},"line":14},"1":{"name":"logout","decl":{"start":{"line":28,"column":16},"end":{"line":28,"column":23}},"loc":{"start":{"line":28,"column":38},"end":{"line":30,"column":null}},"line":28},"2":{"name":"getSessionUser","decl":{"start":{"line":32,"column":16},"end":{"line":32,"column":31}},"loc":{"start":{"line":32,"column":78},"end":{"line":46,"column":null}},"line":32},"3":{"name":"pruneSessions","decl":{"start":{"line":49,"column":16},"end":{"line":49,"column":32}},"loc":{"start":{"line":49,"column":32},"end":{"line":51,"column":null}},"line":49}},"branchMap":{"0":{"loc":{"start":{"line":18,"column":1},"end":{"line":18,"column":null}},"type":"if","locations":[{"start":{"line":18,"column":1},"end":{"line":18,"column":null}},{"start":{},"end":{}}],"line":18},"1":{"loc":{"start":{"line":18,"column":5},"end":{"line":18,"column":57}},"type":"binary-expr","locations":[{"start":{"line":18,"column":5},"end":{"line":18,"column":14}},{"start":{"line":18,"column":14},"end":{"line":18,"column":57}}],"line":18},"2":{"loc":{"start":{"line":33,"column":1},"end":{"line":33,"column":null}},"type":"if","locations":[{"start":{"line":33,"column":1},"end":{"line":33,"column":null}},{"start":{},"end":{}}],"line":33},"3":{"loc":{"start":{"line":40,"column":1},"end":{"line":40,"column":null}},"type":"if","locations":[{"start":{"line":40,"column":1},"end":{"line":40,"column":null}},{"start":{},"end":{}}],"line":40},"4":{"loc":{"start":{"line":41,"column":1},"end":{"line":44,"column":null}},"type":"if","locations":[{"start":{"line":41,"column":1},"end":{"line":44,"column":null}},{"start":{},"end":{}}],"line":41}},"s":{"0":1,"1":1,"2":4,"3":4,"4":2,"5":2,"6":2,"7":2,"8":2,"9":3,"10":0,"11":3,"12":3,"13":1,"14":2,"15":1,"16":1,"17":1,"18":0},"f":{"0":4,"1":2,"2":3,"3":0},"b":{"0":[2,2],"1":[4,3],"2":[0,3],"3":[1,2],"4":[1,1]},"meta":{"lastBranch":5,"lastFunction":4,"lastStatement":19,"seen":{"s:6:23:6:Infinity":0,"s:7:30:7:Infinity":1,"f:14:16:14:22":0,"s:15:14:17:Infinity":2,"b:18:1:18:Infinity:undefined:undefined:undefined:undefined":0,"s:18:1:18:Infinity":3,"b:18:5:18:14:18:14:18:57":1,"s:18:57:18:Infinity":4,"s:19:7:19:Infinity":5,"s:20:1:24:Infinity":6,"s:25:1:25:Infinity":7,"f:28:16:28:23":1,"s:29:1:29:Infinity":8,"f:32:16:32:31":2,"b:33:1:33:Infinity:undefined:undefined:undefined:undefined":2,"s:33:1:33:Infinity":9,"s:33:13:33:Infinity":10,"s:34:13:39:Infinity":11,"b:40:1:40:Infinity:undefined:undefined:undefined:undefined":3,"s:40:1:40:Infinity":12,"s:40:11:40:Infinity":13,"b:41:1:44:Infinity:undefined:undefined:undefined:undefined":4,"s:41:1:44:Infinity":14,"s:42:2:42:Infinity":15,"s:43:2:43:Infinity":16,"s:45:1:45:Infinity":17,"f:49:16:49:32":3,"s:50:1:50:Infinity":18},"fnNames":{}}}
,"/home/newlevel/devel/montalu/automatizacie-montalu/src/lib/server/cfg-editor.ts": {"path":"/home/newlevel/devel/montalu/automatizacie-montalu/src/lib/server/cfg-editor.ts","statementMap":{"0":{"start":{"line":22,"column":13},"end":{"line":22,"column":null}},"1":{"start":{"line":25,"column":1},"end":{"line":25,"column":null}},"2":{"start":{"line":25,"column":11},"end":{"line":25,"column":null}},"3":{"start":{"line":26,"column":14},"end":{"line":31,"column":null}},"4":{"start":{"line":32,"column":1},"end":{"line":32,"column":null}},"5":{"start":{"line":44,"column":13},"end":{"line":44,"column":null}},"6":{"start":{"line":45,"column":1},"end":{"line":45,"column":null}},"7":{"start":{"line":45,"column":11},"end":{"line":45,"column":null}},"8":{"start":{"line":48,"column":1},"end":{"line":53,"column":null}},"9":{"start":{"line":49,"column":2},"end":{"line":50,"column":null}},"10":{"start":{"line":50,"column":3},"end":{"line":50,"column":null}},"11":{"start":{"line":51,"column":2},"end":{"line":52,"column":null}},"12":{"start":{"line":51,"column":28},"end":{"line":51,"column":39}},"13":{"start":{"line":52,"column":3},"end":{"line":52,"column":null}},"14":{"start":{"line":54,"column":1},"end":{"line":62,"column":null}},"15":{"start":{"line":59,"column":2},"end":{"line":62,"column":null}},"16":{"start":{"line":64,"column":27},"end":{"line":64,"column":null}},"17":{"start":{"line":65,"column":1},"end":{"line":69,"column":null}},"18":{"start":{"line":66,"column":15},"end":{"line":66,"column":null}},"19":{"start":{"line":67,"column":2},"end":{"line":68,"column":null}},"20":{"start":{"line":68,"column":3},"end":{"line":68,"column":null}},"21":{"start":{"line":70,"column":1},"end":{"line":71,"column":null}},"22":{"start":{"line":71,"column":2},"end":{"line":71,"column":null}},"23":{"start":{"line":73,"column":70},"end":{"line":73,"column":null}},"24":{"start":{"line":74,"column":1},"end":{"line":86,"column":null}},"25":{"start":{"line":75,"column":16},"end":{"line":75,"column":null}},"26":{"start":{"line":79,"column":2},"end":{"line":85,"column":null}},"27":{"start":{"line":80,"column":16},"end":{"line":80,"column":null}},"28":{"start":{"line":81,"column":3},"end":{"line":84,"column":null}},"29":{"start":{"line":82,"column":4},"end":{"line":82,"column":null}},"30":{"start":{"line":83,"column":4},"end":{"line":83,"column":null}},"31":{"start":{"line":88,"column":1},"end":{"line":88,"column":null}},"32":{"start":{"line":88,"column":20},"end":{"line":88,"column":null}},"33":{"start":{"line":90,"column":16},"end":{"line":90,"column":null}},"34":{"start":{"line":91,"column":20},"end":{"line":93,"column":null}},"35":{"start":{"line":94,"column":16},"end":{"line":94,"column":null}},"36":{"start":{"line":95,"column":18},"end":{"line":95,"column":null}},"37":{"start":{"line":96,"column":18},"end":{"line":98,"column":null}},"38":{"start":{"line":100,"column":1},"end":{"line":121,"column":null}},"39":{"start":{"line":101,"column":2},"end":{"line":118,"column":null}},"40":{"start":{"line":102,"column":3},"end":{"line":108,"column":null}},"41":{"start":{"line":103,"column":4},"end":{"line":103,"column":null}},"42":{"start":{"line":106,"column":16},"end":{"line":106,"column":null}},"43":{"start":{"line":106,"column":37},"end":{"line":106,"column":48}},"44":{"start":{"line":107,"column":4},"end":{"line":107,"column":null}},"45":{"start":{"line":107,"column":35},"end":{"line":107,"column":null}},"46":{"start":{"line":109,"column":3},"end":{"line":109,"column":null}},"47":{"start":{"line":110,"column":3},"end":{"line":110,"column":null}},"48":{"start":{"line":110,"column":31},"end":{"line":110,"column":null}},"49":{"start":{"line":111,"column":3},"end":{"line":111,"column":null}},"50":{"start":{"line":114,"column":9},"end":{"line":114,"column":null}},"51":{"start":{"line":115,"column":3},"end":{"line":115,"column":null}},"52":{"start":{"line":115,"column":38},"end":{"line":115,"column":null}},"53":{"start":{"line":116,"column":9},"end":{"line":116,"column":null}},"54":{"start":{"line":117,"column":3},"end":{"line":117,"column":null}},"55":{"start":{"line":117,"column":17},"end":{"line":117,"column":null}},"56":{"start":{"line":120,"column":2},"end":{"line":120,"column":null}},"57":{"start":{"line":123,"column":1},"end":{"line":123,"column":null}},"58":{"start":{"line":127,"column":1},"end":{"line":129,"column":null}}},"fnMap":{"0":{"name":"getEditableRows","decl":{"start":{"line":21,"column":16},"end":{"line":21,"column":32}},"loc":{"start":{"line":21,"column":97},"end":{"line":33,"column":null}},"line":21},"1":{"name":"saveCfgChanges","decl":{"start":{"line":43,"column":16},"end":{"line":43,"column":31}},"loc":{"start":{"line":43,"column":94},"end":{"line":124,"column":null}},"line":43},"2":{"name":"(anonymous_2)","decl":{"start":{"line":51,"column":16},"end":{"line":51,"column":22}},"loc":{"start":{"line":51,"column":28},"end":{"line":51,"column":39}},"line":51},"3":{"name":"(anonymous_3)","decl":{"start":{"line":101,"column":5},"end":{"line":101,"column":23}},"loc":{"start":{"line":101,"column":23},"end":{"line":118,"column":3}},"line":101},"4":{"name":"(anonymous_4)","decl":{"start":{"line":106,"column":25},"end":{"line":106,"column":31}},"loc":{"start":{"line":106,"column":37},"end":{"line":106,"column":48}},"line":106},"5":{"name":"getAuditLog","decl":{"start":{"line":126,"column":16},"end":{"line":126,"column":28}},"loc":{"start":{"line":126,"column":40},"end":{"line":130,"column":null}},"line":126}},"branchMap":{"0":{"loc":{"start":{"line":25,"column":1},"end":{"line":25,"column":null}},"type":"if","locations":[{"start":{"line":25,"column":1},"end":{"line":25,"column":null}},{"start":{},"end":{}}],"line":25},"1":{"loc":{"start":{"line":45,"column":1},"end":{"line":45,"column":null}},"type":"if","locations":[{"start":{"line":45,"column":1},"end":{"line":45,"column":null}},{"start":{},"end":{}}],"line":45},"2":{"loc":{"start":{"line":49,"column":2},"end":{"line":50,"column":null}},"type":"if","locations":[{"start":{"line":49,"column":2},"end":{"line":50,"column":null}},{"start":{},"end":{}}],"line":49},"3":{"loc":{"start":{"line":49,"column":6},"end":{"line":49,"column":null}},"type":"binary-expr","locations":[{"start":{"line":49,"column":6},"end":{"line":49,"column":31}},{"start":{"line":49,"column":31},"end":{"line":49,"column":58}},{"start":{"line":49,"column":58},"end":{"line":49,"column":null}}],"line":49},"4":{"loc":{"start":{"line":51,"column":2},"end":{"line":52,"column":null}},"type":"if","locations":[{"start":{"line":51,"column":2},"end":{"line":52,"column":null}},{"start":{},"end":{}}],"line":51},"5":{"loc":{"start":{"line":54,"column":1},"end":{"line":62,"column":null}},"type":"if","locations":[{"start":{"line":54,"column":1},"end":{"line":62,"column":null}},{"start":{},"end":{}}],"line":54},"6":{"loc":{"start":{"line":55,"column":2},"end":{"line":57,"column":null}},"type":"binary-expr","locations":[{"start":{"line":55,"column":2},"end":{"line":55,"column":null}},{"start":{"line":56,"column":2},"end":{"line":56,"column":null}},{"start":{"line":57,"column":2},"end":{"line":57,"column":null}}],"line":55},"7":{"loc":{"start":{"line":67,"column":2},"end":{"line":68,"column":null}},"type":"if","locations":[{"start":{"line":67,"column":2},"end":{"line":68,"column":null}},{"start":{},"end":{}}],"line":67},"8":{"loc":{"start":{"line":67,"column":6},"end":{"line":67,"column":null}},"type":"binary-expr","locations":[{"start":{"line":67,"column":6},"end":{"line":67,"column":28}},{"start":{"line":67,"column":28},"end":{"line":67,"column":null}}],"line":67},"9":{"loc":{"start":{"line":68,"column":38},"end":{"line":68,"column":75}},"type":"cond-expr","locations":[{"start":{"line":68,"column":54},"end":{"line":68,"column":64}},{"start":{"line":68,"column":64},"end":{"line":68,"column":75}}],"line":68},"10":{"loc":{"start":{"line":70,"column":1},"end":{"line":71,"column":null}},"type":"if","locations":[{"start":{"line":70,"column":1},"end":{"line":71,"column":null}},{"start":{},"end":{}}],"line":70},"11":{"loc":{"start":{"line":74,"column":1},"end":{"line":86,"column":null}},"type":"if","locations":[{"start":{"line":74,"column":1},"end":{"line":86,"column":null}},{"start":{},"end":{}}],"line":74},"12":{"loc":{"start":{"line":81,"column":3},"end":{"line":84,"column":null}},"type":"if","locations":[{"start":{"line":81,"column":3},"end":{"line":84,"column":null}},{"start":{},"end":{}}],"line":81},"13":{"loc":{"start":{"line":81,"column":7},"end":{"line":81,"column":65}},"type":"binary-expr","locations":[{"start":{"line":81,"column":7},"end":{"line":81,"column":30}},{"start":{"line":81,"column":16},"end":{"line":81,"column":65}}],"line":81},"14":{"loc":{"start":{"line":81,"column":30},"end":{"line":81,"column":48}},"type":"cond-expr","locations":[{"start":{"line":81,"column":37},"end":{"line":81,"column":41}},{"start":{"line":81,"column":41},"end":{"line":81,"column":48}}],"line":81},"15":{"loc":{"start":{"line":82,"column":68},"end":{"line":82,"column":81}},"type":"cond-expr","locations":[{"start":{"line":82,"column":75},"end":{"line":82,"column":79}},{"start":{"line":82,"column":79},"end":{"line":82,"column":81}}],"line":82},"16":{"loc":{"start":{"line":83,"column":94},"end":{"line":83,"column":107}},"type":"cond-expr","locations":[{"start":{"line":83,"column":101},"end":{"line":83,"column":105}},{"start":{"line":83,"column":105},"end":{"line":83,"column":107}}],"line":83},"17":{"loc":{"start":{"line":88,"column":1},"end":{"line":88,"column":null}},"type":"if","locations":[{"start":{"line":88,"column":1},"end":{"line":88,"column":null}},{"start":{},"end":{}}],"line":88},"18":{"loc":{"start":{"line":107,"column":4},"end":{"line":107,"column":null}},"type":"if","locations":[{"start":{"line":107,"column":4},"end":{"line":107,"column":null}},{"start":{},"end":{}}],"line":107},"19":{"loc":{"start":{"line":115,"column":3},"end":{"line":115,"column":null}},"type":"if","locations":[{"start":{"line":115,"column":3},"end":{"line":115,"column":null}},{"start":{},"end":{}}],"line":115},"20":{"loc":{"start":{"line":117,"column":3},"end":{"line":117,"column":null}},"type":"if","locations":[{"start":{"line":117,"column":3},"end":{"line":117,"column":null}},{"start":{},"end":{}}],"line":117},"21":{"loc":{"start":{"line":120,"column":29},"end":{"line":120,"column":82}},"type":"cond-expr","locations":[{"start":{"line":120,"column":50},"end":{"line":120,"column":62}},{"start":{"line":120,"column":62},"end":{"line":120,"column":82}}],"line":120},"22":{"loc":{"start":{"line":126,"column":28},"end":{"line":126,"column":40}},"type":"default-arg","locations":[{"start":{"line":126,"column":36},"end":{"line":126,"column":40}}],"line":126}},"s":{"0":15,"1":15,"2":1,"3":14,"4":14,"5":8,"6":8,"7":1,"8":7,"9":9,"10":1,"11":8,"12":26,"13":8,"14":5,"15":0,"16":5,"17":5,"18":29,"19":29,"20":2,"21":5,"22":5,"23":5,"24":5,"25":2,"26":2,"27":8,"28":8,"29":2,"30":2,"31":5,"32":5,"33":4,"34":4,"35":4,"36":4,"37":4,"38":4,"39":4,"40":4,"41":2,"42":2,"43":6,"44":2,"45":2,"46":4,"47":4,"48":2,"49":4,"50":4,"51":4,"52":0,"53":4,"54":4,"55":0,"56":0,"57":4,"58":3},"f":{"0":15,"1":8,"2":26,"3":4,"4":6,"5":3},"b":{"0":[1,14],"1":[1,7],"2":[1,8],"3":[9,9,9],"4":[1,7],"5":[0,5],"6":[5,5,5],"7":[2,27],"8":[29,7],"9":[2,0],"10":[2,3],"11":[2,3],"12":[2,6],"13":[8,2],"14":[1,1],"15":[1,1],"16":[1,1],"17":[1,4],"18":[2,0],"19":[0,4],"20":[0,4],"21":[0,0],"22":[3]},"meta":{"lastBranch":23,"lastFunction":6,"lastStatement":59,"seen":{"f:21:16:21:32":0,"s:22:13:22:Infinity":0,"b:25:1:25:Infinity:undefined:undefined:undefined:undefined":0,"s:25:1:25:Infinity":1,"s:25:11:25:Infinity":2,"s:26:14:31:Infinity":3,"s:32:1:32:Infinity":4,"f:43:16:43:31":1,"s:44:13:44:Infinity":5,"b:45:1:45:Infinity:undefined:undefined:undefined:undefined":1,"s:45:1:45:Infinity":6,"s:45:11:45:Infinity":7,"s:48:1:53:Infinity":8,"b:49:2:50:Infinity:undefined:undefined:undefined:undefined":2,"s:49:2:50:Infinity":9,"b:49:6:49:31:49:31:49:58:49:58:49:Infinity":3,"s:50:3:50:Infinity":10,"b:51:2:52:Infinity:undefined:undefined:undefined:undefined":4,"s:51:2:52:Infinity":11,"f:51:16:51:22":2,"s:51:28:51:39":12,"s:52:3:52:Infinity":13,"b:54:1:62:Infinity:undefined:undefined:undefined:undefined":5,"s:54:1:62:Infinity":14,"b:55:2:55:Infinity:56:2:56:Infinity:57:2:57:Infinity":6,"s:59:2:62:Infinity":15,"s:64:27:64:Infinity":16,"s:65:1:69:Infinity":17,"s:66:15:66:Infinity":18,"b:67:2:68:Infinity:undefined:undefined:undefined:undefined":7,"s:67:2:68:Infinity":19,"b:67:6:67:28:67:28:67:Infinity":8,"s:68:3:68:Infinity":20,"b:68:54:68:64:68:64:68:75":9,"b:70:1:71:Infinity:undefined:undefined:undefined:undefined":10,"s:70:1:71:Infinity":21,"s:71:2:71:Infinity":22,"s:73:70:73:Infinity":23,"b:74:1:86:Infinity:undefined:undefined:undefined:undefined":11,"s:74:1:86:Infinity":24,"s:75:16:75:Infinity":25,"s:79:2:85:Infinity":26,"s:80:16:80:Infinity":27,"b:81:3:84:Infinity:undefined:undefined:undefined:undefined":12,"s:81:3:84:Infinity":28,"b:81:7:81:30:81:16:81:65":13,"b:81:37:81:41:81:41:81:48":14,"s:82:4:82:Infinity":29,"b:82:75:82:79:82:79:82:81":15,"s:83:4:83:Infinity":30,"b:83:101:83:105:83:105:83:107":16,"b:88:1:88:Infinity:undefined:undefined:undefined:undefined":17,"s:88:1:88:Infinity":31,"s:88:20:88:Infinity":32,"s:90:16:90:Infinity":33,"s:91:20:93:Infinity":34,"s:94:16:94:Infinity":35,"s:95:18:95:Infinity":36,"s:96:18:98:Infinity":37,"s:100:1:121:Infinity":38,"s:101:2:118:Infinity":39,"f:101:5:101:23":3,"s:102:3:108:Infinity":40,"s:103:4:103:Infinity":41,"s:106:16:106:Infinity":42,"f:106:25:106:31":4,"s:106:37:106:48":43,"b:107:4:107:Infinity:undefined:undefined:undefined:undefined":18,"s:107:4:107:Infinity":44,"s:107:35:107:Infinity":45,"s:109:3:109:Infinity":46,"s:110:3:110:Infinity":47,"s:110:31:110:Infinity":48,"s:111:3:111:Infinity":49,"s:114:9:114:Infinity":50,"b:115:3:115:Infinity:undefined:undefined:undefined:undefined":19,"s:115:3:115:Infinity":51,"s:115:38:115:Infinity":52,"s:116:9:116:Infinity":53,"b:117:3:117:Infinity:undefined:undefined:undefined:undefined":20,"s:117:3:117:Infinity":54,"s:117:17:117:Infinity":55,"s:120:2:120:Infinity":56,"b:120:50:120:62:120:62:120:82":21,"s:123:1:123:Infinity":57,"f:126:16:126:28":5,"b:126:36:126:40":22,"s:127:1:129:Infinity":58},"fnNames":{}}}
,"/home/newlevel/devel/montalu/automatizacie-montalu/src/lib/server/cfg_seed.json": {"path":"/home/newlevel/devel/montalu/automatizacie-montalu/src/lib/server/cfg_seed.json","statementMap":{"0":{"start":{"line":1,"column":19},"end":{"line":1,"column":302}},"1":{"start":{"line":2,"column":19},"end":{"line":2,"column":8783}}},"fnMap":{},"branchMap":{},"s":{"0":3,"1":3},"f":{},"b":{},"meta":{"lastBranch":0,"lastFunction":0,"lastStatement":2,"seen":{"s:1:19:1:302":0,"s:2:19:2:8783":1},"fnNames":{}}}
,"/home/newlevel/devel/montalu/automatizacie-montalu/src/lib/server/compute.ts": {"path":"/home/newlevel/devel/montalu/automatizacie-montalu/src/lib/server/compute.ts","statementMap":{"0":{"start":{"line":61,"column":19},"end":{"line":61,"column":null}},"1":{"start":{"line":63,"column":6},"end":{"line":63,"column":null}},"2":{"start":{"line":63,"column":25},"end":{"line":63,"column":null}},"3":{"start":{"line":66,"column":18},"end":{"line":66,"column":null}},"4":{"start":{"line":67,"column":1},"end":{"line":70,"column":null}},"5":{"start":{"line":68,"column":2},"end":{"line":68,"column":null}},"6":{"start":{"line":68,"column":24},"end":{"line":68,"column":null}},"7":{"start":{"line":69,"column":2},"end":{"line":69,"column":null}},"8":{"start":{"line":71,"column":1},"end":{"line":77,"column":null}},"9":{"start":{"line":72,"column":2},"end":{"line":72,"column":null}},"10":{"start":{"line":72,"column":24},"end":{"line":72,"column":null}},"11":{"start":{"line":73,"column":12},"end":{"line":73,"column":null}},"12":{"start":{"line":74,"column":2},"end":{"line":74,"column":null}},"13":{"start":{"line":74,"column":10},"end":{"line":74,"column":null}},"14":{"start":{"line":75,"column":2},"end":{"line":76,"column":null}},"15":{"start":{"line":75,"column":24},"end":{"line":75,"column":null}},"16":{"start":{"line":76,"column":7},"end":{"line":76,"column":null}},"17":{"start":{"line":78,"column":1},"end":{"line":78,"column":null}},"18":{"start":{"line":78,"column":22},"end":{"line":78,"column":null}},"19":{"start":{"line":78,"column":48},"end":{"line":78,"column":85}},"20":{"start":{"line":79,"column":1},"end":{"line":79,"column":null}},"21":{"start":{"line":83,"column":13},"end":{"line":83,"column":null}},"22":{"start":{"line":84,"column":9},"end":{"line":84,"column":null}},"23":{"start":{"line":85,"column":1},"end":{"line":85,"column":null}},"24":{"start":{"line":85,"column":25},"end":{"line":85,"column":null}},"25":{"start":{"line":86,"column":1},"end":{"line":86,"column":null}},"26":{"start":{"line":101,"column":11},"end":{"line":101,"column":null}},"27":{"start":{"line":102,"column":1},"end":{"line":102,"column":null}},"28":{"start":{"line":102,"column":26},"end":{"line":102,"column":null}},"29":{"start":{"line":103,"column":11},"end":{"line":103,"column":null}},"30":{"start":{"line":104,"column":25},"end":{"line":104,"column":null}},"31":{"start":{"line":105,"column":41},"end":{"line":105,"column":null}},"32":{"start":{"line":106,"column":1},"end":{"line":112,"column":null}},"33":{"start":{"line":107,"column":2},"end":{"line":110,"column":null}},"34":{"start":{"line":108,"column":3},"end":{"line":108,"column":null}},"35":{"start":{"line":109,"column":3},"end":{"line":109,"column":null}},"36":{"start":{"line":111,"column":2},"end":{"line":111,"column":null}},"37":{"start":{"line":113,"column":33},"end":{"line":113,"column":null}},"38":{"start":{"line":114,"column":27},"end":{"line":114,"column":null}},"39":{"start":{"line":115,"column":1},"end":{"line":129,"column":null}},"40":{"start":{"line":116,"column":15},"end":{"line":116,"column":null}},"41":{"start":{"line":117,"column":12},"end":{"line":117,"column":null}},"42":{"start":{"line":118,"column":49},"end":{"line":118,"column":null}},"43":{"start":{"line":119,"column":2},"end":{"line":125,"column":null}},"44":{"start":{"line":120,"column":13},"end":{"line":120,"column":null}},"45":{"start":{"line":121,"column":13},"end":{"line":121,"column":null}},"46":{"start":{"line":122,"column":15},"end":{"line":122,"column":null}},"47":{"start":{"line":123,"column":3},"end":{"line":123,"column":null}},"48":{"start":{"line":124,"column":3},"end":{"line":124,"column":null}},"49":{"start":{"line":126,"column":15},"end":{"line":126,"column":null}},"50":{"start":{"line":127,"column":2},"end":{"line":127,"column":null}},"51":{"start":{"line":128,"column":2},"end":{"line":128,"column":null}},"52":{"start":{"line":130,"column":12},"end":{"line":130,"column":null}},"53":{"start":{"line":131,"column":7},"end":{"line":131,"column":null}},"54":{"start":{"line":132,"column":1},"end":{"line":132,"column":null}},"55":{"start":{"line":132,"column":17},"end":{"line":132,"column":null}},"56":{"start":{"line":133,"column":1},"end":{"line":147,"column":null}},"57":{"start":{"line":150,"column":6},"end":{"line":151,"column":null}},"58":{"start":{"line":151,"column":1},"end":{"line":151,"column":null}},"59":{"start":{"line":155,"column":11},"end":{"line":155,"column":null}},"60":{"start":{"line":156,"column":1},"end":{"line":156,"column":null}},"61":{"start":{"line":156,"column":68},"end":{"line":156,"column":null}},"62":{"start":{"line":157,"column":14},"end":{"line":157,"column":null}},"63":{"start":{"line":157,"column":34},"end":{"line":157,"column":61}},"64":{"start":{"line":158,"column":1},"end":{"line":158,"column":null}},"65":{"start":{"line":158,"column":19},"end":{"line":158,"column":null}},"66":{"start":{"line":159,"column":1},"end":{"line":159,"column":null}},"67":{"start":{"line":159,"column":29},"end":{"line":159,"column":null}},"68":{"start":{"line":160,"column":1},"end":{"line":162,"column":null}},"69":{"start":{"line":161,"column":2},"end":{"line":161,"column":null}},"70":{"start":{"line":161,"column":59},"end":{"line":161,"column":null}},"71":{"start":{"line":163,"column":1},"end":{"line":169,"column":null}},"72":{"start":{"line":169,"column":2},"end":{"line":169,"column":null}},"73":{"start":{"line":170,"column":1},"end":{"line":170,"column":null}},"74":{"start":{"line":178,"column":22},"end":{"line":185,"column":null}},"75":{"start":{"line":188,"column":11},"end":{"line":188,"column":null}},"76":{"start":{"line":189,"column":1},"end":{"line":189,"column":null}},"77":{"start":{"line":189,"column":9},"end":{"line":189,"column":null}},"78":{"start":{"line":190,"column":1},"end":{"line":190,"column":null}},"79":{"start":{"line":190,"column":47},"end":{"line":190,"column":null}},"80":{"start":{"line":191,"column":1},"end":{"line":192,"column":null}},"81":{"start":{"line":192,"column":2},"end":{"line":192,"column":null}},"82":{"start":{"line":193,"column":13},"end":{"line":193,"column":null}},"83":{"start":{"line":194,"column":1},"end":{"line":203,"column":null}},"84":{"start":{"line":195,"column":2},"end":{"line":196,"column":null}},"85":{"start":{"line":196,"column":3},"end":{"line":196,"column":null}},"86":{"start":{"line":197,"column":2},"end":{"line":198,"column":null}},"87":{"start":{"line":198,"column":3},"end":{"line":198,"column":null}},"88":{"start":{"line":199,"column":2},"end":{"line":200,"column":null}},"89":{"start":{"line":200,"column":3},"end":{"line":200,"column":null}},"90":{"start":{"line":201,"column":2},"end":{"line":202,"column":null}},"91":{"start":{"line":202,"column":3},"end":{"line":202,"column":null}},"92":{"start":{"line":204,"column":1},"end":{"line":204,"column":null}},"93":{"start":{"line":219,"column":1},"end":{"line":219,"column":null}},"94":{"start":{"line":219,"column":30},"end":{"line":219,"column":null}},"95":{"start":{"line":220,"column":18},"end":{"line":220,"column":null}},"96":{"start":{"line":221,"column":1},"end":{"line":221,"column":null}},"97":{"start":{"line":221,"column":15},"end":{"line":221,"column":null}},"98":{"start":{"line":222,"column":11},"end":{"line":222,"column":null}},"99":{"start":{"line":223,"column":1},"end":{"line":224,"column":null}},"100":{"start":{"line":223,"column":52},"end":{"line":223,"column":92}},"101":{"start":{"line":224,"column":2},"end":{"line":224,"column":null}},"102":{"start":{"line":225,"column":1},"end":{"line":225,"column":null}}},"fnMap":{"0":{"name":"(anonymous_0)","decl":{"start":{"line":63,"column":6},"end":{"line":63,"column":11}},"loc":{"start":{"line":63,"column":25},"end":{"line":63,"column":null}},"line":63},"1":{"name":"buildCFG","decl":{"start":{"line":65,"column":16},"end":{"line":65,"column":25}},"loc":{"start":{"line":65,"column":68},"end":{"line":80,"column":null}},"line":65},"2":{"name":"(anonymous_2)","decl":{"start":{"line":78,"column":33},"end":{"line":78,"column":39}},"loc":{"start":{"line":78,"column":48},"end":{"line":78,"column":85}},"line":78},"3":{"name":"val","decl":{"start":{"line":82,"column":9},"end":{"line":82,"column":13}},"loc":{"start":{"line":82,"column":85},"end":{"line":87,"column":null}},"line":82},"4":{"name":"computeFlat","decl":{"start":{"line":94,"column":16},"end":{"line":94,"column":null}},"loc":{"start":{"line":100,"column":24},"end":{"line":148,"column":null}},"line":100},"5":{"name":"(anonymous_5)","decl":{"start":{"line":150,"column":6},"end":{"line":150,"column":15}},"loc":{"start":{"line":151,"column":1},"end":{"line":151,"column":null}},"line":151},"6":{"name":"validSys","decl":{"start":{"line":154,"column":16},"end":{"line":154,"column":25}},"loc":{"start":{"line":154,"column":56},"end":{"line":171,"column":null}},"line":154},"7":{"name":"(anonymous_7)","decl":{"start":{"line":157,"column":20},"end":{"line":157,"column":28}},"loc":{"start":{"line":157,"column":34},"end":{"line":157,"column":61}},"line":157},"8":{"name":"inBounds","decl":{"start":{"line":187,"column":16},"end":{"line":187,"column":25}},"loc":{"start":{"line":187,"column":62},"end":{"line":205,"column":null}},"line":187},"9":{"name":"safeCompute","decl":{"start":{"line":212,"column":16},"end":{"line":212,"column":null}},"loc":{"start":{"line":218,"column":51},"end":{"line":226,"column":null}},"line":218},"10":{"name":"(anonymous_10)","decl":{"start":{"line":223,"column":39},"end":{"line":223,"column":46}},"loc":{"start":{"line":223,"column":52},"end":{"line":223,"column":92}},"line":223}},"branchMap":{"0":{"loc":{"start":{"line":68,"column":2},"end":{"line":68,"column":null}},"type":"if","locations":[{"start":{"line":68,"column":2},"end":{"line":68,"column":null}},{"start":{},"end":{}}],"line":68},"1":{"loc":{"start":{"line":68,"column":6},"end":{"line":68,"column":24}},"type":"binary-expr","locations":[{"start":{"line":68,"column":6},"end":{"line":68,"column":12}},{"start":{"line":68,"column":12},"end":{"line":68,"column":24}}],"line":68},"2":{"loc":{"start":{"line":72,"column":2},"end":{"line":72,"column":null}},"type":"if","locations":[{"start":{"line":72,"column":2},"end":{"line":72,"column":null}},{"start":{},"end":{}}],"line":72},"3":{"loc":{"start":{"line":72,"column":6},"end":{"line":72,"column":24}},"type":"binary-expr","locations":[{"start":{"line":72,"column":6},"end":{"line":72,"column":12}},{"start":{"line":72,"column":12},"end":{"line":72,"column":24}}],"line":72},"4":{"loc":{"start":{"line":74,"column":2},"end":{"line":74,"column":null}},"type":"if","locations":[{"start":{"line":74,"column":2},"end":{"line":74,"column":null}},{"start":{},"end":{}}],"line":74},"5":{"loc":{"start":{"line":75,"column":2},"end":{"line":76,"column":null}},"type":"if","locations":[{"start":{"line":75,"column":2},"end":{"line":76,"column":null}},{"start":{"line":76,"column":7},"end":{"line":76,"column":null}}],"line":75},"6":{"loc":{"start":{"line":75,"column":31},"end":{"line":75,"column":60}},"type":"cond-expr","locations":[{"start":{"line":75,"column":47},"end":{"line":75,"column":53}},{"start":{"line":75,"column":53},"end":{"line":75,"column":60}}],"line":75},"7":{"loc":{"start":{"line":83,"column":13},"end":{"line":83,"column":null}},"type":"cond-expr","locations":[{"start":{"line":83,"column":31},"end":{"line":83,"column":35}},{"start":{"line":83,"column":35},"end":{"line":83,"column":null}}],"line":83},"8":{"loc":{"start":{"line":84,"column":56},"end":{"line":84,"column":null}},"type":"cond-expr","locations":[{"start":{"line":84,"column":66},"end":{"line":84,"column":85}},{"start":{"line":84,"column":85},"end":{"line":84,"column":null}}],"line":84},"9":{"loc":{"start":{"line":85,"column":1},"end":{"line":85,"column":null}},"type":"if","locations":[{"start":{"line":85,"column":1},"end":{"line":85,"column":null}},{"start":{},"end":{}}],"line":85},"10":{"loc":{"start":{"line":102,"column":1},"end":{"line":102,"column":null}},"type":"if","locations":[{"start":{"line":102,"column":1},"end":{"line":102,"column":null}},{"start":{},"end":{}}],"line":102},"11":{"loc":{"start":{"line":102,"column":5},"end":{"line":102,"column":26}},"type":"binary-expr","locations":[{"start":{"line":102,"column":5},"end":{"line":102,"column":11}},{"start":{"line":102,"column":11},"end":{"line":102,"column":26}}],"line":102},"12":{"loc":{"start":{"line":107,"column":2},"end":{"line":110,"column":null}},"type":"if","locations":[{"start":{"line":107,"column":2},"end":{"line":110,"column":null}},{"start":{},"end":{}}],"line":107},"13":{"loc":{"start":{"line":120,"column":13},"end":{"line":120,"column":null}},"type":"cond-expr","locations":[{"start":{"line":120,"column":53},"end":{"line":120,"column":57}},{"start":{"line":120,"column":57},"end":{"line":120,"column":null}}],"line":120},"14":{"loc":{"start":{"line":120,"column":13},"end":{"line":120,"column":53}},"type":"binary-expr","locations":[{"start":{"line":120,"column":13},"end":{"line":120,"column":38}},{"start":{"line":120,"column":38},"end":{"line":120,"column":53}}],"line":120},"15":{"loc":{"start":{"line":123,"column":10},"end":{"line":123,"column":null}},"type":"cond-expr","locations":[{"start":{"line":123,"column":29},"end":{"line":123,"column":39}},{"start":{"line":123,"column":39},"end":{"line":123,"column":null}}],"line":123},"16":{"loc":{"start":{"line":123,"column":10},"end":{"line":123,"column":29}},"type":"binary-expr","locations":[{"start":{"line":123,"column":10},"end":{"line":123,"column":21}},{"start":{"line":123,"column":21},"end":{"line":123,"column":29}}],"line":123},"17":{"loc":{"start":{"line":132,"column":1},"end":{"line":132,"column":null}},"type":"if","locations":[{"start":{"line":132,"column":1},"end":{"line":132,"column":null}},{"start":{},"end":{}}],"line":132},"18":{"loc":{"start":{"line":132,"column":5},"end":{"line":132,"column":17}},"type":"binary-expr","locations":[{"start":{"line":132,"column":5},"end":{"line":132,"column":12}},{"start":{"line":132,"column":12},"end":{"line":132,"column":17}}],"line":132},"19":{"loc":{"start":{"line":151,"column":1},"end":{"line":151,"column":null}},"type":"binary-expr","locations":[{"start":{"line":151,"column":1},"end":{"line":151,"column":15}},{"start":{"line":151,"column":15},"end":{"line":151,"column":34}},{"start":{"line":151,"column":34},"end":{"line":151,"column":46}},{"start":{"line":151,"column":46},"end":{"line":151,"column":null}}],"line":151},"20":{"loc":{"start":{"line":156,"column":1},"end":{"line":156,"column":null}},"type":"if","locations":[{"start":{"line":156,"column":1},"end":{"line":156,"column":null}},{"start":{},"end":{}}],"line":156},"21":{"loc":{"start":{"line":156,"column":5},"end":{"line":156,"column":68}},"type":"binary-expr","locations":[{"start":{"line":156,"column":5},"end":{"line":156,"column":11}},{"start":{"line":156,"column":11},"end":{"line":156,"column":26}},{"start":{"line":156,"column":26},"end":{"line":156,"column":46}},{"start":{"line":156,"column":46},"end":{"line":156,"column":68}}],"line":156},"22":{"loc":{"start":{"line":157,"column":34},"end":{"line":157,"column":61}},"type":"binary-expr","locations":[{"start":{"line":157,"column":34},"end":{"line":157,"column":56}},{"start":{"line":157,"column":56},"end":{"line":157,"column":61}}],"line":157},"23":{"loc":{"start":{"line":158,"column":1},"end":{"line":158,"column":null}},"type":"if","locations":[{"start":{"line":158,"column":1},"end":{"line":158,"column":null}},{"start":{},"end":{}}],"line":158},"24":{"loc":{"start":{"line":159,"column":1},"end":{"line":159,"column":null}},"type":"if","locations":[{"start":{"line":159,"column":1},"end":{"line":159,"column":null}},{"start":{},"end":{}}],"line":159},"25":{"loc":{"start":{"line":159,"column":5},"end":{"line":159,"column":29}},"type":"binary-expr","locations":[{"start":{"line":159,"column":5},"end":{"line":159,"column":18}},{"start":{"line":159,"column":18},"end":{"line":159,"column":29}}],"line":159},"26":{"loc":{"start":{"line":161,"column":2},"end":{"line":161,"column":null}},"type":"if","locations":[{"start":{"line":161,"column":2},"end":{"line":161,"column":null}},{"start":{},"end":{}}],"line":161},"27":{"loc":{"start":{"line":163,"column":1},"end":{"line":169,"column":null}},"type":"if","locations":[{"start":{"line":163,"column":1},"end":{"line":169,"column":null}},{"start":{},"end":{}}],"line":163},"28":{"loc":{"start":{"line":164,"column":2},"end":{"line":167,"column":null}},"type":"binary-expr","locations":[{"start":{"line":164,"column":2},"end":{"line":164,"column":null}},{"start":{"line":165,"column":2},"end":{"line":165,"column":null}},{"start":{"line":166,"column":2},"end":{"line":166,"column":null}},{"start":{"line":167,"column":2},"end":{"line":167,"column":null}}],"line":164},"29":{"loc":{"start":{"line":189,"column":1},"end":{"line":189,"column":null}},"type":"if","locations":[{"start":{"line":189,"column":1},"end":{"line":189,"column":null}},{"start":{},"end":{}}],"line":189},"30":{"loc":{"start":{"line":190,"column":1},"end":{"line":190,"column":null}},"type":"if","locations":[{"start":{"line":190,"column":1},"end":{"line":190,"column":null}},{"start":{},"end":{}}],"line":190},"31":{"loc":{"start":{"line":190,"column":5},"end":{"line":190,"column":47}},"type":"binary-expr","locations":[{"start":{"line":190,"column":5},"end":{"line":190,"column":27}},{"start":{"line":190,"column":27},"end":{"line":190,"column":47}}],"line":190},"32":{"loc":{"start":{"line":191,"column":1},"end":{"line":192,"column":null}},"type":"if","locations":[{"start":{"line":191,"column":1},"end":{"line":192,"column":null}},{"start":{},"end":{}}],"line":191},"33":{"loc":{"start":{"line":191,"column":5},"end":{"line":191,"column":null}},"type":"binary-expr","locations":[{"start":{"line":191,"column":5},"end":{"line":191,"column":45}},{"start":{"line":191,"column":45},"end":{"line":191,"column":null}}],"line":191},"34":{"loc":{"start":{"line":195,"column":2},"end":{"line":196,"column":null}},"type":"if","locations":[{"start":{"line":195,"column":2},"end":{"line":196,"column":null}},{"start":{},"end":{}}],"line":195},"35":{"loc":{"start":{"line":195,"column":6},"end":{"line":195,"column":null}},"type":"binary-expr","locations":[{"start":{"line":195,"column":6},"end":{"line":195,"column":38}},{"start":{"line":195,"column":38},"end":{"line":195,"column":null}}],"line":195},"36":{"loc":{"start":{"line":196,"column":36},"end":{"line":196,"column":53}},"type":"binary-expr","locations":[{"start":{"line":196,"column":36},"end":{"line":196,"column":47}},{"start":{"line":196,"column":47},"end":{"line":196,"column":53}}],"line":196},"37":{"loc":{"start":{"line":197,"column":2},"end":{"line":198,"column":null}},"type":"if","locations":[{"start":{"line":197,"column":2},"end":{"line":198,"column":null}},{"start":{},"end":{}}],"line":197},"38":{"loc":{"start":{"line":197,"column":6},"end":{"line":197,"column":null}},"type":"binary-expr","locations":[{"start":{"line":197,"column":6},"end":{"line":197,"column":34}},{"start":{"line":197,"column":34},"end":{"line":197,"column":null}}],"line":197},"39":{"loc":{"start":{"line":198,"column":35},"end":{"line":198,"column":52}},"type":"binary-expr","locations":[{"start":{"line":198,"column":35},"end":{"line":198,"column":46}},{"start":{"line":198,"column":46},"end":{"line":198,"column":52}}],"line":198},"40":{"loc":{"start":{"line":199,"column":2},"end":{"line":200,"column":null}},"type":"if","locations":[{"start":{"line":199,"column":2},"end":{"line":200,"column":null}},{"start":{},"end":{}}],"line":199},"41":{"loc":{"start":{"line":199,"column":6},"end":{"line":199,"column":null}},"type":"binary-expr","locations":[{"start":{"line":199,"column":6},"end":{"line":199,"column":34}},{"start":{"line":199,"column":34},"end":{"line":199,"column":null}}],"line":199},"42":{"loc":{"start":{"line":200,"column":31},"end":{"line":200,"column":48}},"type":"binary-expr","locations":[{"start":{"line":200,"column":31},"end":{"line":200,"column":42}},{"start":{"line":200,"column":42},"end":{"line":200,"column":48}}],"line":200},"43":{"loc":{"start":{"line":201,"column":2},"end":{"line":202,"column":null}},"type":"if","locations":[{"start":{"line":201,"column":2},"end":{"line":202,"column":null}},{"start":{},"end":{}}],"line":201},"44":{"loc":{"start":{"line":201,"column":6},"end":{"line":201,"column":null}},"type":"binary-expr","locations":[{"start":{"line":201,"column":6},"end":{"line":201,"column":40}},{"start":{"line":201,"column":40},"end":{"line":201,"column":null}}],"line":201},"45":{"loc":{"start":{"line":202,"column":36},"end":{"line":202,"column":53}},"type":"binary-expr","locations":[{"start":{"line":202,"column":36},"end":{"line":202,"column":47}},{"start":{"line":202,"column":47},"end":{"line":202,"column":53}}],"line":202},"46":{"loc":{"start":{"line":219,"column":1},"end":{"line":219,"column":null}},"type":"if","locations":[{"start":{"line":219,"column":1},"end":{"line":219,"column":null}},{"start":{},"end":{}}],"line":219},"47":{"loc":{"start":{"line":221,"column":1},"end":{"line":221,"column":null}},"type":"if","locations":[{"start":{"line":221,"column":1},"end":{"line":221,"column":null}},{"start":{},"end":{}}],"line":221},"48":{"loc":{"start":{"line":223,"column":1},"end":{"line":224,"column":null}},"type":"if","locations":[{"start":{"line":223,"column":1},"end":{"line":224,"column":null}},{"start":{},"end":{}}],"line":223},"49":{"loc":{"start":{"line":223,"column":5},"end":{"line":223,"column":null}},"type":"binary-expr","locations":[{"start":{"line":223,"column":5},"end":{"line":223,"column":11}},{"start":{"line":223,"column":11},"end":{"line":223,"column":30}},{"start":{"line":223,"column":30},"end":{"line":223,"column":null}}],"line":223},"50":{"loc":{"start":{"line":223,"column":52},"end":{"line":223,"column":92}},"type":"binary-expr","locations":[{"start":{"line":223,"column":52},"end":{"line":223,"column":80}},{"start":{"line":223,"column":80},"end":{"line":223,"column":92}}],"line":223}},"s":{"0":3,"1":3,"2":139,"3":20,"4":20,"5":120,"6":0,"7":120,"8":20,"9":959,"10":0,"11":959,"12":959,"13":0,"14":959,"15":239,"16":720,"17":20,"18":120,"19":600,"20":20,"21":286,"22":286,"23":286,"24":74,"25":286,"26":23,"27":23,"28":1,"29":22,"30":22,"31":22,"32":22,"33":121,"34":73,"35":73,"36":121,"37":22,"38":22,"39":22,"40":73,"41":73,"42":73,"43":73,"44":121,"45":121,"46":121,"47":121,"48":121,"49":73,"50":73,"51":73,"52":22,"53":22,"54":22,"55":0,"56":22,"57":3,"58":536,"59":23,"60":23,"61":1,"62":22,"63":116,"64":22,"65":0,"66":22,"67":1,"68":21,"69":105,"70":2,"71":19,"72":0,"73":19,"74":3,"75":18,"76":18,"77":0,"78":18,"79":0,"80":18,"81":0,"82":18,"83":18,"84":124,"85":2,"86":122,"87":0,"88":122,"89":0,"90":122,"91":0,"92":16,"93":14,"94":1,"95":13,"96":13,"97":13,"98":12,"99":12,"100":37,"101":0,"102":12},"f":{"0":139,"1":20,"2":600,"3":286,"4":23,"5":536,"6":23,"7":116,"8":18,"9":14,"10":37},"b":{"0":[0,120],"1":[120,120],"2":[0,959],"3":[959,959],"4":[0,959],"5":[239,720],"6":[119,120],"7":[118,168],"8":[165,121],"9":[74,212],"10":[1,22],"11":[23,22],"12":[73,48],"13":[4,117],"14":[121,8],"15":[117,4],"16":[121,121],"17":[0,22],"18":[22,22],"19":[536,535,535,535],"20":[1,22],"21":[23,22,22,22],"22":[116,116],"23":[0,22],"24":[1,21],"25":[22,21],"26":[2,103],"27":[0,19],"28":[19,19,19,19],"29":[0,18],"30":[0,18],"31":[18,18],"32":[0,18],"33":[18,18],"34":[2,122],"35":[124,124],"36":[2,0],"37":[0,122],"38":[122,122],"39":[0,0],"40":[0,122],"41":[122,122],"42":[0,0],"43":[0,122],"44":[122,122],"45":[0,0],"46":[1,13],"47":[1,12],"48":[0,12],"49":[12,12,12],"50":[37,37]},"meta":{"lastBranch":51,"lastFunction":11,"lastStatement":103,"seen":{"s:61:19:61:Infinity":0,"s:63:6:63:Infinity":1,"f:63:6:63:11":0,"s:63:25:63:Infinity":2,"f:65:16:65:25":1,"s:66:18:66:Infinity":3,"s:67:1:70:Infinity":4,"b:68:2:68:Infinity:undefined:undefined:undefined:undefined":0,"s:68:2:68:Infinity":5,"b:68:6:68:12:68:12:68:24":1,"s:68:24:68:Infinity":6,"s:69:2:69:Infinity":7,"s:71:1:77:Infinity":8,"b:72:2:72:Infinity:undefined:undefined:undefined:undefined":2,"s:72:2:72:Infinity":9,"b:72:6:72:12:72:12:72:24":3,"s:72:24:72:Infinity":10,"s:73:12:73:Infinity":11,"b:74:2:74:Infinity:undefined:undefined:undefined:undefined":4,"s:74:2:74:Infinity":12,"s:74:10:74:Infinity":13,"b:75:2:76:Infinity:76:7:76:Infinity":5,"s:75:2:76:Infinity":14,"s:75:24:75:Infinity":15,"b:75:47:75:53:75:53:75:60":6,"s:76:7:76:Infinity":16,"s:78:1:78:Infinity":17,"s:78:22:78:Infinity":18,"f:78:33:78:39":2,"s:78:48:78:85":19,"s:79:1:79:Infinity":20,"f:82:9:82:13":3,"s:83:13:83:Infinity":21,"b:83:31:83:35:83:35:83:Infinity":7,"s:84:9:84:Infinity":22,"b:84:66:84:85:84:85:84:Infinity":8,"b:85:1:85:Infinity:undefined:undefined:undefined:undefined":9,"s:85:1:85:Infinity":23,"s:85:25:85:Infinity":24,"s:86:1:86:Infinity":25,"f:94:16:94:Infinity":4,"s:101:11:101:Infinity":26,"b:102:1:102:Infinity:undefined:undefined:undefined:undefined":10,"s:102:1:102:Infinity":27,"b:102:5:102:11:102:11:102:26":11,"s:102:26:102:Infinity":28,"s:103:11:103:Infinity":29,"s:104:25:104:Infinity":30,"s:105:41:105:Infinity":31,"s:106:1:112:Infinity":32,"b:107:2:110:Infinity:undefined:undefined:undefined:undefined":12,"s:107:2:110:Infinity":33,"s:108:3:108:Infinity":34,"s:109:3:109:Infinity":35,"s:111:2:111:Infinity":36,"s:113:33:113:Infinity":37,"s:114:27:114:Infinity":38,"s:115:1:129:Infinity":39,"s:116:15:116:Infinity":40,"s:117:12:117:Infinity":41,"s:118:49:118:Infinity":42,"s:119:2:125:Infinity":43,"s:120:13:120:Infinity":44,"b:120:53:120:57:120:57:120:Infinity":13,"b:120:13:120:38:120:38:120:53":14,"s:121:13:121:Infinity":45,"s:122:15:122:Infinity":46,"s:123:3:123:Infinity":47,"b:123:29:123:39:123:39:123:Infinity":15,"b:123:10:123:21:123:21:123:29":16,"s:124:3:124:Infinity":48,"s:126:15:126:Infinity":49,"s:127:2:127:Infinity":50,"s:128:2:128:Infinity":51,"s:130:12:130:Infinity":52,"s:131:7:131:Infinity":53,"b:132:1:132:Infinity:undefined:undefined:undefined:undefined":17,"s:132:1:132:Infinity":54,"b:132:5:132:12:132:12:132:17":18,"s:132:17:132:Infinity":55,"s:133:1:147:Infinity":56,"s:150:6:151:Infinity":57,"f:150:6:150:15":5,"s:151:1:151:Infinity":58,"b:151:1:151:15:151:15:151:34:151:34:151:46:151:46:151:Infinity":19,"f:154:16:154:25":6,"s:155:11:155:Infinity":59,"b:156:1:156:Infinity:undefined:undefined:undefined:undefined":20,"s:156:1:156:Infinity":60,"b:156:5:156:11:156:11:156:26:156:26:156:46:156:46:156:68":21,"s:156:68:156:Infinity":61,"s:157:14:157:Infinity":62,"f:157:20:157:28":7,"s:157:34:157:61":63,"b:157:34:157:56:157:56:157:61":22,"b:158:1:158:Infinity:undefined:undefined:undefined:undefined":23,"s:158:1:158:Infinity":64,"s:158:19:158:Infinity":65,"b:159:1:159:Infinity:undefined:undefined:undefined:undefined":24,"s:159:1:159:Infinity":66,"b:159:5:159:18:159:18:159:29":25,"s:159:29:159:Infinity":67,"s:160:1:162:Infinity":68,"b:161:2:161:Infinity:undefined:undefined:undefined:undefined":26,"s:161:2:161:Infinity":69,"s:161:59:161:Infinity":70,"b:163:1:169:Infinity:undefined:undefined:undefined:undefined":27,"s:163:1:169:Infinity":71,"b:164:2:164:Infinity:165:2:165:Infinity:166:2:166:Infinity:167:2:167:Infinity":28,"s:169:2:169:Infinity":72,"s:170:1:170:Infinity":73,"s:178:22:185:Infinity":74,"f:187:16:187:25":8,"s:188:11:188:Infinity":75,"b:189:1:189:Infinity:undefined:undefined:undefined:undefined":29,"s:189:1:189:Infinity":76,"s:189:9:189:Infinity":77,"b:190:1:190:Infinity:undefined:undefined:undefined:undefined":30,"s:190:1:190:Infinity":78,"b:190:5:190:27:190:27:190:47":31,"s:190:47:190:Infinity":79,"b:191:1:192:Infinity:undefined:undefined:undefined:undefined":32,"s:191:1:192:Infinity":80,"b:191:5:191:45:191:45:191:Infinity":33,"s:192:2:192:Infinity":81,"s:193:13:193:Infinity":82,"s:194:1:203:Infinity":83,"b:195:2:196:Infinity:undefined:undefined:undefined:undefined":34,"s:195:2:196:Infinity":84,"b:195:6:195:38:195:38:195:Infinity":35,"s:196:3:196:Infinity":85,"b:196:36:196:47:196:47:196:53":36,"b:197:2:198:Infinity:undefined:undefined:undefined:undefined":37,"s:197:2:198:Infinity":86,"b:197:6:197:34:197:34:197:Infinity":38,"s:198:3:198:Infinity":87,"b:198:35:198:46:198:46:198:52":39,"b:199:2:200:Infinity:undefined:undefined:undefined:undefined":40,"s:199:2:200:Infinity":88,"b:199:6:199:34:199:34:199:Infinity":41,"s:200:3:200:Infinity":89,"b:200:31:200:42:200:42:200:48":42,"b:201:2:202:Infinity:undefined:undefined:undefined:undefined":43,"s:201:2:202:Infinity":90,"b:201:6:201:40:201:40:201:Infinity":44,"s:202:3:202:Infinity":91,"b:202:36:202:47:202:47:202:53":45,"s:204:1:204:Infinity":92,"f:212:16:212:Infinity":9,"b:219:1:219:Infinity:undefined:undefined:undefined:undefined":46,"s:219:1:219:Infinity":93,"s:219:30:219:Infinity":94,"s:220:18:220:Infinity":95,"b:221:1:221:Infinity:undefined:undefined:undefined:undefined":47,"s:221:1:221:Infinity":96,"s:221:15:221:Infinity":97,"s:222:11:222:Infinity":98,"b:223:1:224:Infinity:undefined:undefined:undefined:undefined":48,"s:223:1:224:Infinity":99,"b:223:5:223:11:223:11:223:30:223:30:223:Infinity":49,"f:223:39:223:46":10,"s:223:52:223:92":100,"b:223:52:223:80:223:80:223:92":50,"s:224:2:224:Infinity":101,"s:225:1:225:Infinity":102},"fnNames":{}}}
,"/home/newlevel/devel/montalu/automatizacie-montalu/src/lib/server/db.ts": {"path":"/home/newlevel/devel/montalu/automatizacie-montalu/src/lib/server/db.ts","statementMap":{"0":{"start":{"line":12,"column":16},"end":{"line":12,"column":null}},"1":{"start":{"line":14,"column":0},"end":{"line":14,"column":null}},"2":{"start":{"line":15,"column":18},"end":{"line":15,"column":null}},"3":{"start":{"line":16,"column":0},"end":{"line":16,"column":null}},"4":{"start":{"line":17,"column":0},"end":{"line":17,"column":null}},"5":{"start":{"line":20,"column":7},"end":{"line":20,"column":null}},"6":{"start":{"line":21,"column":7},"end":{"line":21,"column":null}},"7":{"start":{"line":22,"column":1},"end":{"line":22,"column":null}},"8":{"start":{"line":26,"column":22},"end":{"line":26,"column":null}},"9":{"start":{"line":27,"column":1},"end":{"line":27,"column":null}},"10":{"start":{"line":27,"column":21},"end":{"line":27,"column":null}},"11":{"start":{"line":28,"column":7},"end":{"line":28,"column":null}},"12":{"start":{"line":29,"column":1},"end":{"line":29,"column":null}},"13":{"start":{"line":33,"column":17},"end":{"line":33,"column":null}},"14":{"start":{"line":35,"column":1},"end":{"line":112,"column":null}},"15":{"start":{"line":36,"column":2},"end":{"line":110,"column":null}},"16":{"start":{"line":111,"column":2},"end":{"line":111,"column":null}},"17":{"start":{"line":114,"column":1},"end":{"line":114,"column":null}},"18":{"start":{"line":115,"column":1},"end":{"line":115,"column":null}},"19":{"start":{"line":119,"column":19},"end":{"line":119,"column":null}},"20":{"start":{"line":120,"column":1},"end":{"line":144,"column":null}},"21":{"start":{"line":121,"column":17},"end":{"line":121,"column":null}},"22":{"start":{"line":122,"column":17},"end":{"line":125,"column":null}},"23":{"start":{"line":126,"column":2},"end":{"line":143,"column":null}},"24":{"start":{"line":127,"column":3},"end":{"line":127,"column":null}},"25":{"start":{"line":127,"column":29},"end":{"line":127,"column":null}},"26":{"start":{"line":128,"column":3},"end":{"line":142,"column":null}},"27":{"start":{"line":129,"column":4},"end":{"line":142,"column":null}},"28":{"start":{"line":145,"column":21},"end":{"line":145,"column":null}},"29":{"start":{"line":146,"column":1},"end":{"line":159,"column":null}},"30":{"start":{"line":150,"column":14},"end":{"line":152,"column":null}},"31":{"start":{"line":153,"column":2},"end":{"line":158,"column":null}},"32":{"start":{"line":154,"column":3},"end":{"line":154,"column":null}},"33":{"start":{"line":155,"column":3},"end":{"line":155,"column":null}},"34":{"start":{"line":156,"column":3},"end":{"line":156,"column":null}},"35":{"start":{"line":157,"column":3},"end":{"line":157,"column":null}},"36":{"start":{"line":163,"column":20},"end":{"line":163,"column":null}},"37":{"start":{"line":164,"column":1},"end":{"line":172,"column":null}},"38":{"start":{"line":165,"column":15},"end":{"line":165,"column":null}},"39":{"start":{"line":166,"column":14},"end":{"line":166,"column":null}},"40":{"start":{"line":167,"column":2},"end":{"line":171,"column":null}},"41":{"start":{"line":168,"column":15},"end":{"line":168,"column":null}},"42":{"start":{"line":169,"column":3},"end":{"line":169,"column":null}},"43":{"start":{"line":169,"column":16},"end":{"line":169,"column":null}},"44":{"start":{"line":170,"column":3},"end":{"line":170,"column":null}},"45":{"start":{"line":175,"column":0},"end":{"line":175,"column":null}},"46":{"start":{"line":180,"column":14},"end":{"line":184,"column":null}},"47":{"start":{"line":184,"column":26},"end":{"line":184,"column":85}},"48":{"start":{"line":185,"column":14},"end":{"line":202,"column":null}},"49":{"start":{"line":189,"column":59},"end":{"line":202,"column":3}},"50":{"start":{"line":203,"column":1},"end":{"line":203,"column":null}},"51":{"start":{"line":207,"column":1},"end":{"line":213,"column":null}},"52":{"start":{"line":209,"column":18},"end":{"line":213,"column":3}},"53":{"start":{"line":217,"column":1},"end":{"line":222,"column":null}},"54":{"start":{"line":219,"column":68},"end":{"line":222,"column":3}}},"fnMap":{"0":{"name":"hashPassword","decl":{"start":{"line":19,"column":16},"end":{"line":19,"column":29}},"loc":{"start":{"line":19,"column":55},"end":{"line":23,"column":null}},"line":19},"1":{"name":"verifyPassword","decl":{"start":{"line":25,"column":16},"end":{"line":25,"column":31}},"loc":{"start":{"line":25,"column":74},"end":{"line":30,"column":null}},"line":25},"2":{"name":"migrate","decl":{"start":{"line":32,"column":9},"end":{"line":32,"column":19}},"loc":{"start":{"line":32,"column":19},"end":{"line":116,"column":null}},"line":32},"3":{"name":"seedData","decl":{"start":{"line":118,"column":9},"end":{"line":118,"column":20}},"loc":{"start":{"line":118,"column":20},"end":{"line":160,"column":null}},"line":118},"4":{"name":"(anonymous_4)","decl":{"start":{"line":126,"column":5},"end":{"line":126,"column":23}},"loc":{"start":{"line":126,"column":23},"end":{"line":143,"column":3}},"line":126},"5":{"name":"(anonymous_5)","decl":{"start":{"line":153,"column":5},"end":{"line":153,"column":23}},"loc":{"start":{"line":153,"column":23},"end":{"line":158,"column":3}},"line":153},"6":{"name":"seedUsers","decl":{"start":{"line":162,"column":9},"end":{"line":162,"column":21}},"loc":{"start":{"line":162,"column":21},"end":{"line":173,"column":null}},"line":162},"7":{"name":"loadCfg","decl":{"start":{"line":179,"column":16},"end":{"line":179,"column":31}},"loc":{"start":{"line":179,"column":31},"end":{"line":204,"column":null}},"line":179},"8":{"name":"(anonymous_8)","decl":{"start":{"line":184,"column":6},"end":{"line":184,"column":19}},"loc":{"start":{"line":184,"column":26},"end":{"line":184,"column":85}},"line":184},"9":{"name":"(anonymous_9)","decl":{"start":{"line":189,"column":39},"end":{"line":189,"column":52}},"loc":{"start":{"line":189,"column":59},"end":{"line":202,"column":3}},"line":189},"10":{"name":"listSysStyly","decl":{"start":{"line":206,"column":16},"end":{"line":206,"column":84}},"loc":{"start":{"line":206,"column":84},"end":{"line":214,"column":null}},"line":206},"11":{"name":"(anonymous_11)","decl":{"start":{"line":209,"column":6},"end":{"line":209,"column":11}},"loc":{"start":{"line":209,"column":18},"end":{"line":213,"column":3}},"line":209},"12":{"name":"listGlassTypes","decl":{"start":{"line":216,"column":16},"end":{"line":216,"column":77}},"loc":{"start":{"line":216,"column":77},"end":{"line":223,"column":null}},"line":216},"13":{"name":"(anonymous_13)","decl":{"start":{"line":219,"column":56},"end":{"line":219,"column":61}},"loc":{"start":{"line":219,"column":68},"end":{"line":222,"column":3}},"line":219}},"branchMap":{"0":{"loc":{"start":{"line":12,"column":16},"end":{"line":12,"column":null}},"type":"binary-expr","locations":[{"start":{"line":12,"column":16},"end":{"line":12,"column":45}},{"start":{"line":12,"column":45},"end":{"line":12,"column":null}}],"line":12},"1":{"loc":{"start":{"line":27,"column":1},"end":{"line":27,"column":null}},"type":"if","locations":[{"start":{"line":27,"column":1},"end":{"line":27,"column":null}},{"start":{},"end":{}}],"line":27},"2":{"loc":{"start":{"line":27,"column":5},"end":{"line":27,"column":21}},"type":"binary-expr","locations":[{"start":{"line":27,"column":5},"end":{"line":27,"column":14}},{"start":{"line":27,"column":14},"end":{"line":27,"column":21}}],"line":27},"3":{"loc":{"start":{"line":35,"column":1},"end":{"line":112,"column":null}},"type":"if","locations":[{"start":{"line":35,"column":1},"end":{"line":112,"column":null}},{"start":{},"end":{}}],"line":35},"4":{"loc":{"start":{"line":120,"column":1},"end":{"line":144,"column":null}},"type":"if","locations":[{"start":{"line":120,"column":1},"end":{"line":144,"column":null}},{"start":{},"end":{}}],"line":120},"5":{"loc":{"start":{"line":146,"column":1},"end":{"line":159,"column":null}},"type":"if","locations":[{"start":{"line":146,"column":1},"end":{"line":159,"column":null}},{"start":{},"end":{}}],"line":146},"6":{"loc":{"start":{"line":164,"column":1},"end":{"line":172,"column":null}},"type":"if","locations":[{"start":{"line":164,"column":1},"end":{"line":172,"column":null}},{"start":{},"end":{}}],"line":164},"7":{"loc":{"start":{"line":165,"column":15},"end":{"line":165,"column":null}},"type":"binary-expr","locations":[{"start":{"line":165,"column":15},"end":{"line":165,"column":41}},{"start":{"line":165,"column":41},"end":{"line":165,"column":null}}],"line":165},"8":{"loc":{"start":{"line":169,"column":3},"end":{"line":169,"column":null}},"type":"if","locations":[{"start":{"line":169,"column":3},"end":{"line":169,"column":null}},{"start":{},"end":{}}],"line":169}},"s":{"0":2,"1":2,"2":2,"3":2,"4":2,"5":2,"6":2,"7":2,"8":6,"9":6,"10":1,"11":5,"12":5,"13":2,"14":2,"15":2,"16":2,"17":2,"18":2,"19":2,"20":2,"21":2,"22":2,"23":2,"24":2,"25":12,"26":2,"27":96,"28":2,"29":2,"30":2,"31":2,"32":2,"33":2,"34":2,"35":2,"36":2,"37":2,"38":2,"39":2,"40":2,"41":1,"42":1,"43":0,"44":1,"45":2,"46":15,"47":90,"48":15,"49":720,"50":15,"51":0,"52":0,"53":3,"54":12},"f":{"0":2,"1":6,"2":2,"3":2,"4":2,"5":2,"6":2,"7":15,"8":90,"9":720,"10":0,"11":0,"12":3,"13":12},"b":{"0":[2,0],"1":[1,5],"2":[6,6],"3":[2,0],"4":[2,0],"5":[2,0],"6":[2,0],"7":[2,1],"8":[0,1]},"meta":{"lastBranch":9,"lastFunction":14,"lastStatement":55,"seen":{"s:12:16:12:Infinity":0,"b:12:16:12:45:12:45:12:Infinity":0,"s:14:0:14:Infinity":1,"s:15:18:15:Infinity":2,"s:16:0:16:Infinity":3,"s:17:0:17:Infinity":4,"f:19:16:19:29":0,"s:20:7:20:Infinity":5,"s:21:7:21:Infinity":6,"s:22:1:22:Infinity":7,"f:25:16:25:31":1,"s:26:22:26:Infinity":8,"b:27:1:27:Infinity:undefined:undefined:undefined:undefined":1,"s:27:1:27:Infinity":9,"b:27:5:27:14:27:14:27:21":2,"s:27:21:27:Infinity":10,"s:28:7:28:Infinity":11,"s:29:1:29:Infinity":12,"f:32:9:32:19":2,"s:33:17:33:Infinity":13,"b:35:1:112:Infinity:undefined:undefined:undefined:undefined":3,"s:35:1:112:Infinity":14,"s:36:2:110:Infinity":15,"s:111:2:111:Infinity":16,"s:114:1:114:Infinity":17,"s:115:1:115:Infinity":18,"f:118:9:118:20":3,"s:119:19:119:Infinity":19,"b:120:1:144:Infinity:undefined:undefined:undefined:undefined":4,"s:120:1:144:Infinity":20,"s:121:17:121:Infinity":21,"s:122:17:125:Infinity":22,"s:126:2:143:Infinity":23,"f:126:5:126:23":4,"s:127:3:127:Infinity":24,"s:127:29:127:Infinity":25,"s:128:3:142:Infinity":26,"s:129:4:142:Infinity":27,"s:145:21:145:Infinity":28,"b:146:1:159:Infinity:undefined:undefined:undefined:undefined":5,"s:146:1:159:Infinity":29,"s:150:14:152:Infinity":30,"s:153:2:158:Infinity":31,"f:153:5:153:23":5,"s:154:3:154:Infinity":32,"s:155:3:155:Infinity":33,"s:156:3:156:Infinity":34,"s:157:3:157:Infinity":35,"f:162:9:162:21":6,"s:163:20:163:Infinity":36,"b:164:1:172:Infinity:undefined:undefined:undefined:undefined":6,"s:164:1:172:Infinity":37,"s:165:15:165:Infinity":38,"b:165:15:165:41:165:41:165:Infinity":7,"s:166:14:166:Infinity":39,"s:167:2:171:Infinity":40,"s:168:15:168:Infinity":41,"b:169:3:169:Infinity:undefined:undefined:undefined:undefined":8,"s:169:3:169:Infinity":42,"s:169:16:169:Infinity":43,"s:170:3:170:Infinity":44,"s:175:0:175:Infinity":45,"f:179:16:179:31":7,"s:180:14:184:Infinity":46,"f:184:6:184:19":8,"s:184:26:184:85":47,"s:185:14:202:Infinity":48,"f:189:39:189:52":9,"s:189:59:202:3":49,"s:203:1:203:Infinity":50,"f:206:16:206:84":10,"s:207:1:213:Infinity":51,"f:209:6:209:11":11,"s:209:18:213:3":52,"f:216:16:216:77":12,"s:217:1:222:Infinity":53,"f:219:56:219:61":13,"s:219:68:222:3":54},"fnNames":{}}}
,"/home/newlevel/devel/montalu/automatizacie-montalu/src/lib/server/money.ts": {"path":"/home/newlevel/devel/montalu/automatizacie-montalu/src/lib/server/money.ts","statementMap":{"0":{"start":{"line":18,"column":13},"end":{"line":18,"column":null}},"1":{"start":{"line":18,"column":28},"end":{"line":18,"column":null}},"2":{"start":{"line":19,"column":6},"end":{"line":19,"column":null}},"3":{"start":{"line":19,"column":22},"end":{"line":19,"column":null}},"4":{"start":{"line":20,"column":6},"end":{"line":20,"column":null}},"5":{"start":{"line":20,"column":25},"end":{"line":20,"column":null}},"6":{"start":{"line":21,"column":6},"end":{"line":23,"column":null}},"7":{"start":{"line":22,"column":1},"end":{"line":23,"column":null}},"8":{"start":{"line":44,"column":6},"end":{"line":44,"column":null}},"9":{"start":{"line":44,"column":28},"end":{"line":44,"column":null}},"10":{"start":{"line":47,"column":1},"end":{"line":47,"column":null}},"11":{"start":{"line":47,"column":16},"end":{"line":47,"column":null}},"12":{"start":{"line":48,"column":1},"end":{"line":48,"column":null}},"13":{"start":{"line":48,"column":11},"end":{"line":48,"column":null}},"14":{"start":{"line":49,"column":1},"end":{"line":49,"column":null}},"15":{"start":{"line":53,"column":39},"end":{"line":53,"column":null}},"16":{"start":{"line":58,"column":1},"end":{"line":58,"column":null}},"17":{"start":{"line":62,"column":13},"end":{"line":62,"column":null}},"18":{"start":{"line":62,"column":49},"end":{"line":62,"column":70}},"19":{"start":{"line":63,"column":9},"end":{"line":63,"column":null}},"20":{"start":{"line":64,"column":1},"end":{"line":64,"column":null}},"21":{"start":{"line":64,"column":14},"end":{"line":64,"column":17}},"22":{"start":{"line":64,"column":38},"end":{"line":64,"column":null}},"23":{"start":{"line":65,"column":1},"end":{"line":65,"column":null}},"24":{"start":{"line":69,"column":12},"end":{"line":69,"column":null}},"25":{"start":{"line":70,"column":12},"end":{"line":70,"column":null}},"26":{"start":{"line":71,"column":1},"end":{"line":71,"column":null}},"27":{"start":{"line":72,"column":7},"end":{"line":72,"column":null}},"28":{"start":{"line":73,"column":1},"end":{"line":75,"column":null}},"29":{"start":{"line":74,"column":2},"end":{"line":74,"column":null}},"30":{"start":{"line":76,"column":1},"end":{"line":76,"column":null}},"31":{"start":{"line":85,"column":14},"end":{"line":85,"column":null}},"32":{"start":{"line":86,"column":13},"end":{"line":86,"column":null}},"33":{"start":{"line":87,"column":18},"end":{"line":87,"column":null}},"34":{"start":{"line":88,"column":16},"end":{"line":88,"column":null}},"35":{"start":{"line":91,"column":1},"end":{"line":128,"column":null}},"36":{"start":{"line":92,"column":2},"end":{"line":113,"column":null}},"37":{"start":{"line":115,"column":2},"end":{"line":126,"column":null}},"38":{"start":{"line":116,"column":20},"end":{"line":118,"column":null}},"39":{"start":{"line":119,"column":3},"end":{"line":125,"column":null}},"40":{"start":{"line":127,"column":2},"end":{"line":127,"column":null}},"41":{"start":{"line":130,"column":1},"end":{"line":143,"column":null}},"42":{"start":{"line":131,"column":14},"end":{"line":131,"column":null}},"43":{"start":{"line":132,"column":2},"end":{"line":132,"column":null}},"44":{"start":{"line":136,"column":14},"end":{"line":136,"column":null}},"45":{"start":{"line":137,"column":2},"end":{"line":137,"column":null}},"46":{"start":{"line":138,"column":2},"end":{"line":138,"column":null}},"47":{"start":{"line":141,"column":2},"end":{"line":141,"column":null}},"48":{"start":{"line":142,"column":2},"end":{"line":142,"column":null}},"49":{"start":{"line":145,"column":1},"end":{"line":145,"column":null}},"50":{"start":{"line":149,"column":1},"end":{"line":153,"column":null}},"51":{"start":{"line":161,"column":13},"end":{"line":163,"column":null}},"52":{"start":{"line":164,"column":1},"end":{"line":164,"column":null}},"53":{"start":{"line":164,"column":11},"end":{"line":164,"column":null}},"54":{"start":{"line":165,"column":1},"end":{"line":178,"column":null}},"55":{"start":{"line":166,"column":2},"end":{"line":166,"column":null}},"56":{"start":{"line":167,"column":2},"end":{"line":177,"column":null}},"57":{"start":{"line":179,"column":1},"end":{"line":179,"column":null}}},"fnMap":{"0":{"name":"(anonymous_0)","decl":{"start":{"line":18,"column":13},"end":{"line":18,"column":28}},"loc":{"start":{"line":18,"column":28},"end":{"line":18,"column":null}},"line":18},"1":{"name":"(anonymous_1)","decl":{"start":{"line":19,"column":6},"end":{"line":19,"column":22}},"loc":{"start":{"line":19,"column":22},"end":{"line":19,"column":null}},"line":19},"2":{"name":"(anonymous_2)","decl":{"start":{"line":20,"column":6},"end":{"line":20,"column":25}},"loc":{"start":{"line":20,"column":25},"end":{"line":20,"column":null}},"line":20},"3":{"name":"(anonymous_3)","decl":{"start":{"line":21,"column":6},"end":{"line":21,"column":null}},"loc":{"start":{"line":22,"column":1},"end":{"line":23,"column":null}},"line":22},"4":{"name":"(anonymous_4)","decl":{"start":{"line":44,"column":6},"end":{"line":44,"column":14}},"loc":{"start":{"line":44,"column":28},"end":{"line":44,"column":null}},"line":44},"5":{"name":"targetDirFor","decl":{"start":{"line":46,"column":16},"end":{"line":46,"column":29}},"loc":{"start":{"line":46,"column":68},"end":{"line":50,"column":null}},"line":46},"6":{"name":"filenameFor","decl":{"start":{"line":52,"column":16},"end":{"line":52,"column":28}},"loc":{"start":{"line":52,"column":55},"end":{"line":59,"column":null}},"line":52},"7":{"name":"contentHash","decl":{"start":{"line":61,"column":16},"end":{"line":61,"column":28}},"loc":{"start":{"line":61,"column":72},"end":{"line":66,"column":null}},"line":61},"8":{"name":"(anonymous_8)","decl":{"start":{"line":62,"column":38},"end":{"line":62,"column":43}},"loc":{"start":{"line":62,"column":49},"end":{"line":62,"column":70}},"line":62},"9":{"name":"buildXlsx","decl":{"start":{"line":68,"column":15},"end":{"line":68,"column":25}},"loc":{"start":{"line":68,"column":61},"end":{"line":77,"column":null}},"line":68},"10":{"name":"(anonymous_10)","decl":{"start":{"line":73,"column":18},"end":{"line":73,"column":27}},"loc":{"start":{"line":73,"column":36},"end":{"line":75,"column":2}},"line":73},"11":{"name":"writeOdpis","decl":{"start":{"line":84,"column":22},"end":{"line":84,"column":33}},"loc":{"start":{"line":84,"column":75},"end":{"line":146,"column":null}},"line":84},"12":{"name":"listOdpisy","decl":{"start":{"line":148,"column":16},"end":{"line":148,"column":27}},"loc":{"start":{"line":148,"column":40},"end":{"line":154,"column":null}},"line":148},"13":{"name":"releaseOdpis","decl":{"start":{"line":160,"column":16},"end":{"line":160,"column":29}},"loc":{"start":{"line":160,"column":68},"end":{"line":180,"column":null}},"line":160},"14":{"name":"(anonymous_14)","decl":{"start":{"line":165,"column":4},"end":{"line":165,"column":22}},"loc":{"start":{"line":165,"column":22},"end":{"line":178,"column":2}},"line":165}},"branchMap":{"0":{"loc":{"start":{"line":19,"column":22},"end":{"line":19,"column":null}},"type":"binary-expr","locations":[{"start":{"line":19,"column":22},"end":{"line":19,"column":52}},{"start":{"line":19,"column":52},"end":{"line":19,"column":null}}],"line":19},"1":{"loc":{"start":{"line":20,"column":25},"end":{"line":20,"column":null}},"type":"binary-expr","locations":[{"start":{"line":20,"column":25},"end":{"line":20,"column":59}},{"start":{"line":20,"column":59},"end":{"line":20,"column":null}}],"line":20},"2":{"loc":{"start":{"line":22,"column":1},"end":{"line":23,"column":null}},"type":"binary-expr","locations":[{"start":{"line":22,"column":1},"end":{"line":22,"column":null}},{"start":{"line":23,"column":1},"end":{"line":23,"column":null}}],"line":22},"3":{"loc":{"start":{"line":47,"column":1},"end":{"line":47,"column":null}},"type":"if","locations":[{"start":{"line":47,"column":1},"end":{"line":47,"column":null}},{"start":{},"end":{}}],"line":47},"4":{"loc":{"start":{"line":48,"column":1},"end":{"line":48,"column":null}},"type":"if","locations":[{"start":{"line":48,"column":1},"end":{"line":48,"column":null}},{"start":{},"end":{}}],"line":48},"5":{"loc":{"start":{"line":48,"column":42},"end":{"line":48,"column":81}},"type":"cond-expr","locations":[{"start":{"line":48,"column":63},"end":{"line":48,"column":73}},{"start":{"line":48,"column":73},"end":{"line":48,"column":81}}],"line":48},"6":{"loc":{"start":{"line":74,"column":52},"end":{"line":74,"column":72}},"type":"cond-expr","locations":[{"start":{"line":74,"column":62},"end":{"line":74,"column":70}},{"start":{"line":74,"column":70},"end":{"line":74,"column":72}}],"line":74},"7":{"loc":{"start":{"line":85,"column":14},"end":{"line":85,"column":null}},"type":"cond-expr","locations":[{"start":{"line":85,"column":25},"end":{"line":85,"column":29}},{"start":{"line":85,"column":29},"end":{"line":85,"column":null}}],"line":85},"8":{"loc":{"start":{"line":107,"column":4},"end":{"line":107,"column":null}},"type":"cond-expr","locations":[{"start":{"line":107,"column":15},"end":{"line":107,"column":19}},{"start":{"line":107,"column":19},"end":{"line":107,"column":null}}],"line":107},"9":{"loc":{"start":{"line":115,"column":2},"end":{"line":126,"column":null}},"type":"if","locations":[{"start":{"line":115,"column":2},"end":{"line":126,"column":null}},{"start":{},"end":{}}],"line":115},"10":{"loc":{"start":{"line":115,"column":6},"end":{"line":115,"column":58}},"type":"binary-expr","locations":[{"start":{"line":115,"column":6},"end":{"line":115,"column":28}},{"start":{"line":115,"column":28},"end":{"line":115,"column":58}}],"line":115},"11":{"loc":{"start":{"line":148,"column":27},"end":{"line":148,"column":40}},"type":"default-arg","locations":[{"start":{"line":148,"column":35},"end":{"line":148,"column":40}}],"line":148},"12":{"loc":{"start":{"line":164,"column":1},"end":{"line":164,"column":null}},"type":"if","locations":[{"start":{"line":164,"column":1},"end":{"line":164,"column":null}},{"start":{},"end":{}}],"line":164},"13":{"loc":{"start":{"line":172,"column":53},"end":{"line":172,"column":80}},"type":"cond-expr","locations":[{"start":{"line":172,"column":64},"end":{"line":172,"column":73}},{"start":{"line":172,"column":73},"end":{"line":172,"column":80}}],"line":172}},"s":{"0":1,"1":23,"2":1,"3":0,"4":1,"5":0,"6":1,"7":8,"8":1,"9":40,"10":8,"11":8,"12":0,"13":0,"14":0,"15":8,"16":8,"17":16,"18":48,"19":16,"20":16,"21":16,"22":766,"23":16,"24":5,"25":5,"26":5,"27":5,"28":5,"29":15,"30":5,"31":8,"32":8,"33":8,"34":8,"35":8,"36":8,"37":3,"38":3,"39":3,"40":0,"41":5,"42":5,"43":5,"44":5,"45":5,"46":5,"47":1,"48":1,"49":4,"50":0,"51":0,"52":0,"53":0,"54":0,"55":0,"56":0,"57":0},"f":{"0":23,"1":0,"2":0,"3":8,"4":40,"5":8,"6":8,"7":16,"8":48,"9":5,"10":15,"11":8,"12":0,"13":0,"14":0},"b":{"0":[0,0],"1":[0,0],"2":[8,0],"3":[8,0],"4":[0,0],"5":[0,0],"6":[5,10],"7":[0,8],"8":[0,8],"9":[3,0],"10":[3,3],"11":[0],"12":[0,0],"13":[0,0]},"meta":{"lastBranch":14,"lastFunction":15,"lastStatement":58,"seen":{"s:18:13:18:Infinity":0,"f:18:13:18:28":0,"s:18:28:18:Infinity":1,"s:19:6:19:Infinity":2,"f:19:6:19:22":1,"s:19:22:19:Infinity":3,"b:19:22:19:52:19:52:19:Infinity":0,"s:20:6:20:Infinity":4,"f:20:6:20:25":2,"s:20:25:20:Infinity":5,"b:20:25:20:59:20:59:20:Infinity":1,"s:21:6:23:Infinity":6,"f:21:6:21:Infinity":3,"s:22:1:23:Infinity":7,"b:22:1:22:Infinity:23:1:23:Infinity":2,"s:44:6:44:Infinity":8,"f:44:6:44:14":4,"s:44:28:44:Infinity":9,"f:46:16:46:29":5,"b:47:1:47:Infinity:undefined:undefined:undefined:undefined":3,"s:47:1:47:Infinity":10,"s:47:16:47:Infinity":11,"b:48:1:48:Infinity:undefined:undefined:undefined:undefined":4,"s:48:1:48:Infinity":12,"s:48:11:48:Infinity":13,"b:48:63:48:73:48:73:48:81":5,"s:49:1:49:Infinity":14,"f:52:16:52:28":6,"s:53:39:53:Infinity":15,"s:58:1:58:Infinity":16,"f:61:16:61:28":7,"s:62:13:62:Infinity":17,"f:62:38:62:43":8,"s:62:49:62:70":18,"s:63:9:63:Infinity":19,"s:64:1:64:Infinity":20,"s:64:14:64:17":21,"s:64:38:64:Infinity":22,"s:65:1:65:Infinity":23,"f:68:15:68:25":9,"s:69:12:69:Infinity":24,"s:70:12:70:Infinity":25,"s:71:1:71:Infinity":26,"s:72:7:72:Infinity":27,"s:73:1:75:Infinity":28,"f:73:18:73:27":10,"s:74:2:74:Infinity":29,"b:74:62:74:70:74:70:74:72":6,"s:76:1:76:Infinity":30,"f:84:22:84:33":11,"s:85:14:85:Infinity":31,"b:85:25:85:29:85:29:85:Infinity":7,"s:86:13:86:Infinity":32,"s:87:18:87:Infinity":33,"s:88:16:88:Infinity":34,"s:91:1:128:Infinity":35,"s:92:2:113:Infinity":36,"b:107:15:107:19:107:19:107:Infinity":8,"b:115:2:126:Infinity:undefined:undefined:undefined:undefined":9,"s:115:2:126:Infinity":37,"b:115:6:115:28:115:28:115:58":10,"s:116:20:118:Infinity":38,"s:119:3:125:Infinity":39,"s:127:2:127:Infinity":40,"s:130:1:143:Infinity":41,"s:131:14:131:Infinity":42,"s:132:2:132:Infinity":43,"s:136:14:136:Infinity":44,"s:137:2:137:Infinity":45,"s:138:2:138:Infinity":46,"s:141:2:141:Infinity":47,"s:142:2:142:Infinity":48,"s:145:1:145:Infinity":49,"f:148:16:148:27":12,"b:148:35:148:40":11,"s:149:1:153:Infinity":50,"f:160:16:160:29":13,"s:161:13:163:Infinity":51,"b:164:1:164:Infinity:undefined:undefined:undefined:undefined":12,"s:164:1:164:Infinity":52,"s:164:11:164:Infinity":53,"s:165:1:178:Infinity":54,"f:165:4:165:22":14,"s:166:2:166:Infinity":55,"s:167:2:177:Infinity":56,"b:172:64:172:73:172:73:172:80":13,"s:179:1:179:Infinity":57},"fnNames":{}}}
}
